2019-09-28 15:36:32,002 - build - DEBUG - EntityDb(call_john): add_entity(sort=u'contact_name', grammar_entry='Andy', name=u'contact_andy')
2019-09-28 15:36:32,002 - build - DEBUG - EntityDb(call_john): add_entity returns u'contact_andy'
2019-09-28 15:36:32,002 - build - DEBUG - EntityDb(call_john): add_entity(sort=u'contact_name', grammar_entry="Andy's", name=u'contact_andy')
2019-09-28 15:36:32,002 - build - DEBUG - EntityDb(call_john): add_entity returns u'contact_andy'
2019-09-28 15:36:32,003 - build - DEBUG - EntityDb(call_john): add_entity(sort=u'number_type', grammar_entry='mobile', name=u'mobile')
2019-09-28 15:36:32,003 - build - DEBUG - EntityDb(call_john): add_entity returns u'mobile'
2019-09-28 15:36:32,003 - build - DEBUG - EntityDb(call_john): add_entity(sort=u'number_type', grammar_entry='mobile phone', name=u'mobile')
2019-09-28 15:36:32,003 - build - DEBUG - EntityDb(call_john): add_entity returns u'mobile'
2019-09-28 15:36:32,003 - build - DEBUG - EntityDb(call_john): add_entity(sort=u'number_type', grammar_entry='mobile number', name=u'mobile')
2019-09-28 15:36:32,003 - build - DEBUG - EntityDb(call_john): add_entity returns u'mobile'
2019-09-28 15:36:32,003 - build - DEBUG - EntityDb(call_john): add_entity(sort=u'contact_name', grammar_entry='Mary', name=u'contact_mary')
2019-09-28 15:36:32,003 - build - DEBUG - EntityDb(call_john): add_entity returns u'contact_mary'
2019-09-28 15:36:32,003 - build - DEBUG - EntityDb(call_john): add_entity(sort=u'contact_name', grammar_entry="Mary's", name=u'contact_mary')
2019-09-28 15:36:32,003 - build - DEBUG - EntityDb(call_john): add_entity returns u'contact_mary'
2019-09-28 15:36:32,003 - build - DEBUG - EntityDb(call_john): add_entity(sort=u'number_type', grammar_entry='work', name=u'work')
2019-09-28 15:36:32,003 - build - DEBUG - EntityDb(call_john): add_entity returns u'work'
2019-09-28 15:36:32,003 - build - DEBUG - EntityDb(call_john): add_entity(sort=u'number_type', grammar_entry='work phone', name=u'work')
2019-09-28 15:36:32,003 - build - DEBUG - EntityDb(call_john): add_entity returns u'work'
2019-09-28 15:36:32,003 - build - DEBUG - EntityDb(call_john): add_entity(sort=u'number_type', grammar_entry='work number', name=u'work')
2019-09-28 15:36:32,003 - build - DEBUG - EntityDb(call_john): add_entity returns u'work'
2019-09-28 15:36:32,003 - build - DEBUG - EntityDb(call_john): add_entity(sort=u'contact_name', grammar_entry='John', name=u'contact_john')
2019-09-28 15:36:32,003 - build - DEBUG - EntityDb(call_john): add_entity returns u'contact_john'
2019-09-28 15:36:32,003 - build - DEBUG - EntityDb(call_john): add_entity(sort=u'contact_name', grammar_entry="John's", name=u'contact_john')
2019-09-28 15:36:32,003 - build - DEBUG - EntityDb(call_john): add_entity returns u'contact_john'
2019-09-28 15:36:32,004 - build - DEBUG - EntityDb(call_john): add_entity(sort=u'number_type', grammar_entry='home', name=u'home')
2019-09-28 15:36:32,004 - build - DEBUG - EntityDb(call_john): add_entity returns u'home'
2019-09-28 15:36:32,004 - build - DEBUG - EntityDb(call_john): add_entity(sort=u'number_type', grammar_entry='home phone', name=u'home')
2019-09-28 15:36:32,004 - build - DEBUG - EntityDb(call_john): add_entity returns u'home'
2019-09-28 15:36:32,004 - build - DEBUG - EntityDb(call_john): add_entity(sort=u'number_type', grammar_entry='home number', name=u'home')
2019-09-28 15:36:32,004 - build - DEBUG - EntityDb(call_john): add_entity returns u'home'
