2019-09-28 14:51:24,520 - build - DEBUG - EntityDb(call_john): add_entity(sort=u'number_type', grammar_entry='mobile', name=u'mobile')
2019-09-28 14:51:24,520 - build - DEBUG - EntityDb(call_john): add_entity returns u'mobile'
2019-09-28 14:51:24,520 - build - DEBUG - EntityDb(call_john): add_entity(sort=u'number_type', grammar_entry='mobile phone', name=u'mobile')
2019-09-28 14:51:24,520 - build - DEBUG - EntityDb(call_john): add_entity returns u'mobile'
2019-09-28 14:51:24,520 - build - DEBUG - EntityDb(call_john): add_entity(sort=u'number_type', grammar_entry='home', name=u'home')
2019-09-28 14:51:24,520 - build - DEBUG - EntityDb(call_john): add_entity returns u'home'
2019-09-28 14:51:24,520 - build - DEBUG - EntityDb(call_john): add_entity(sort=u'number_type', grammar_entry='home phone', name=u'home')
2019-09-28 14:51:24,521 - build - DEBUG - EntityDb(call_john): add_entity returns u'home'
2019-09-28 14:51:24,521 - build - DEBUG - EntityDb(call_john): add_entity(sort=u'contact_name', grammar_entry='Mary', name=u'contact_mary')
2019-09-28 14:51:24,521 - build - DEBUG - EntityDb(call_john): add_entity returns u'contact_mary'
2019-09-28 14:51:24,521 - build - DEBUG - EntityDb(call_john): add_entity(sort=u'contact_name', grammar_entry="Mary's", name=u'contact_mary')
2019-09-28 14:51:24,521 - build - DEBUG - EntityDb(call_john): add_entity returns u'contact_mary'
2019-09-28 14:51:24,521 - build - DEBUG - EntityDb(call_john): add_entity(sort=u'number_type', grammar_entry='work', name=u'work')
2019-09-28 14:51:24,521 - build - DEBUG - EntityDb(call_john): add_entity returns u'work'
2019-09-28 14:51:24,521 - build - DEBUG - EntityDb(call_john): add_entity(sort=u'number_type', grammar_entry='work phone', name=u'work')
2019-09-28 14:51:24,521 - build - DEBUG - EntityDb(call_john): add_entity returns u'work'
2019-09-28 14:51:24,521 - build - DEBUG - EntityDb(call_john): add_entity(sort=u'contact_name', grammar_entry='john', name=u'contact_john')
2019-09-28 14:51:24,521 - build - DEBUG - EntityDb(call_john): add_entity returns u'contact_john'
2019-09-28 14:51:24,521 - build - DEBUG - EntityDb(call_john): add_entity(sort=u'contact_name', grammar_entry="john's", name=u'contact_john')
2019-09-28 14:51:24,521 - build - DEBUG - EntityDb(call_john): add_entity returns u'contact_john'
