2019-09-28 15:50:59,214 - session_2019-09-28T15_50_59_0 - DEBUG - Backend()
2019-09-28 15:51:01,102 - session_2019-09-28T15_50_59_0 - ERROR - Encountered an error, sending event 'BACKEND_ERROR'
Traceback (most recent call last):
  File "/usr/local/tdm/lib/python2.7/site-packages/tdm/backend.py", line 100, in handle_event_from_external_queue
    self._handle_external_event(event)
  File "/usr/local/tdm/lib/python2.7/site-packages/tdm/backend.py", line 113, in _handle_external_event
    resulting_events = self._send_event_through_components(event)
  File "/usr/local/tdm/lib/python2.7/site-packages/tdm/backend.py", line 126, in _send_event_through_components
    responses = self._nlg.generate(events)
  File "/usr/local/tdm/lib/python2.7/site-packages/tdm/nlg/component.py", line 27, in generate
    resulting_events = [result for result in all_results if result is not None]
  File "/usr/local/tdm/lib/python2.7/site-packages/tdm/nlg/component.py", line 35, in _generate_events
    yield self._generator.generate(event)
  File "/usr/local/tdm/lib/python2.7/site-packages/tdm/nlg/generator.py", line 26, in generate
    utterance_parts = [self._generate_utterance_part(move) for move in moves]
  File "/usr/local/tdm/lib/python2.7/site-packages/tdm/nlg/generator.py", line 40, in _generate_utterance_part
    return self.move_to_string(move, ddd)
  File "/usr/local/tdm/lib/python2.7/site-packages/tdm/nlg/generator.py", line 51, in move_to_string
    return self._handle_failed_generation(move, grammar, parse_exception)
  File "/usr/local/tdm/lib/python2.7/site-packages/tdm/nlg/generator.py", line 61, in _handle_failed_generation
    raise GenerateError(message)
GenerateError: Generator: failed to generate move 'Move(ask(?set([goal(perform(make_call)), goal(resolve(?X.contact_lookup(X)))])), ddd_name=u'call_john')' with grammar 'call_john_eng_GfGrammarForDynamicEntities': Expected parse results for u'Move ( ask ( ? set ( [ goal ( perform ( make_call ) ) , goal ( resolve ( ? X . contact_lookup ( X ) ) ) ] ) ) )' with category 'System' and grammar_path u'grammar/build/eng/call_john_sem.pgf' but got none
