2019-09-28 16:12:25,068 - tdm - DEBUG - EntityDb(call_john): add_entity(sort=u'contact_name', grammar_entry='Andy', name=u'contact_andy')
2019-09-28 16:12:25,069 - tdm - DEBUG - EntityDb(call_john): add_entity returns u'contact_andy'
2019-09-28 16:12:25,069 - tdm - DEBUG - EntityDb(call_john): add_entity(sort=u'contact_name', grammar_entry="Andy's", name=u'contact_andy')
2019-09-28 16:12:25,069 - tdm - DEBUG - EntityDb(call_john): add_entity returns u'contact_andy'
2019-09-28 16:12:25,069 - tdm - DEBUG - EntityDb(call_john): add_entity(sort=u'number_type', grammar_entry='mobile', name=u'mobile')
2019-09-28 16:12:25,069 - tdm - DEBUG - EntityDb(call_john): add_entity returns u'mobile'
2019-09-28 16:12:25,069 - tdm - DEBUG - EntityDb(call_john): add_entity(sort=u'number_type', grammar_entry='mobile phone', name=u'mobile')
2019-09-28 16:12:25,069 - tdm - DEBUG - EntityDb(call_john): add_entity returns u'mobile'
2019-09-28 16:12:25,069 - tdm - DEBUG - EntityDb(call_john): add_entity(sort=u'number_type', grammar_entry='mobile number', name=u'mobile')
2019-09-28 16:12:25,069 - tdm - DEBUG - EntityDb(call_john): add_entity returns u'mobile'
2019-09-28 16:12:25,069 - tdm - DEBUG - EntityDb(call_john): add_entity(sort=u'contact_name', grammar_entry='Mary', name=u'contact_mary')
2019-09-28 16:12:25,069 - tdm - DEBUG - EntityDb(call_john): add_entity returns u'contact_mary'
2019-09-28 16:12:25,069 - tdm - DEBUG - EntityDb(call_john): add_entity(sort=u'contact_name', grammar_entry="Mary's", name=u'contact_mary')
2019-09-28 16:12:25,069 - tdm - DEBUG - EntityDb(call_john): add_entity returns u'contact_mary'
2019-09-28 16:12:25,069 - tdm - DEBUG - EntityDb(call_john): add_entity(sort=u'number_type', grammar_entry='work', name=u'work')
2019-09-28 16:12:25,069 - tdm - DEBUG - EntityDb(call_john): add_entity returns u'work'
2019-09-28 16:12:25,069 - tdm - DEBUG - EntityDb(call_john): add_entity(sort=u'number_type', grammar_entry='work phone', name=u'work')
2019-09-28 16:12:25,070 - tdm - DEBUG - EntityDb(call_john): add_entity returns u'work'
2019-09-28 16:12:25,070 - tdm - DEBUG - EntityDb(call_john): add_entity(sort=u'number_type', grammar_entry='work number', name=u'work')
2019-09-28 16:12:25,070 - tdm - DEBUG - EntityDb(call_john): add_entity returns u'work'
2019-09-28 16:12:25,070 - tdm - DEBUG - EntityDb(call_john): add_entity(sort=u'contact_name', grammar_entry='John', name=u'contact_john')
2019-09-28 16:12:25,070 - tdm - DEBUG - EntityDb(call_john): add_entity returns u'contact_john'
2019-09-28 16:12:25,070 - tdm - DEBUG - EntityDb(call_john): add_entity(sort=u'contact_name', grammar_entry="John's", name=u'contact_john')
2019-09-28 16:12:25,070 - tdm - DEBUG - EntityDb(call_john): add_entity returns u'contact_john'
2019-09-28 16:12:25,070 - tdm - DEBUG - EntityDb(call_john): add_entity(sort=u'number_type', grammar_entry='home', name=u'home')
2019-09-28 16:12:25,070 - tdm - DEBUG - EntityDb(call_john): add_entity returns u'home'
2019-09-28 16:12:25,070 - tdm - DEBUG - EntityDb(call_john): add_entity(sort=u'number_type', grammar_entry='home phone', name=u'home')
2019-09-28 16:12:25,070 - tdm - DEBUG - EntityDb(call_john): add_entity returns u'home'
2019-09-28 16:12:25,070 - tdm - DEBUG - EntityDb(call_john): add_entity(sort=u'number_type', grammar_entry='home number', name=u'home')
2019-09-28 16:12:25,070 - tdm - DEBUG - EntityDb(call_john): add_entity returns u'home'
2019-09-28 16:12:25,071 - tdm - DEBUG - DddDb().__init__(name='ddds', default_ddds=[u'call_john'])
2019-09-28 16:12:25,071 - tdm - DEBUG - DddDb(): DB file name is '/home/gusroberth@GU.GU.SE/repos/semester-3/dialogue-systems-2/lab2/call_john_ddd_2019/ddds.json'
2019-09-28 16:12:25,085 - tdm - DEBUG - FrontendConnectionHandler(id=140452457206992, session=None).open()
2019-09-28 16:12:25,087 - tdm - DEBUG - FrontendConnectionHandler(id=140452457206992, session=None).on_message({"handshake_content": {"session_id": null, "keep_session_alive": false}, "name": "Frontend"})
2019-09-28 16:12:25,087 - tdm - DEBUG - FrontendConnectionHandler(id=140452457206992, session=None)._register({"handshake_content": {"session_id": null, "keep_session_alive": false}, "name": "Frontend"})
2019-09-28 16:12:25,087 - tdm - DEBUG - thread_manager.create_thread() with threading.active_count()=3
2019-09-28 16:12:25,088 - tdm - DEBUG - thread_manager.create_thread() with threading.active_count()=4
2019-09-28 16:12:25,090 - tdm - DEBUG - Creating backend and session with id 2019-09-28T16_12_25_0.
2019-09-28 16:12:25,092 - tdm - DEBUG - FrontendConnectionHandler(id=140452457206992, session='2019-09-28T16_12_25_0'): writing {"content": "2019-09-28T16_12_25_0", "_sender": null, "_reason": null, "event_type": "SESSION_ID"}
2019-09-28 16:12:25,093 - tdm - DEBUG - FrontendConnectionHandler(id=140452457206992, session='2019-09-28T16_12_25_0'): OK
2019-09-28 16:12:25,093 - tdm - DEBUG - FrontendConnectionHandler._register: Registered in session 2019-09-28T16_12_25_0 with backend <tdm.backend.Backend object at 0x7fbda2d467d0>.
2019-09-28 16:12:25,093 - tdm - DEBUG - FrontendConnectionHandler(id=140452457206992, session='2019-09-28T16_12_25_0').on_message({"content": null, "_sender": "Frontend", "_reason": null, "event_type": "START"})
2019-09-28 16:12:25,122 - tdm - DEBUG - FrontendConnectionHandler(id=140452457206992, session='2019-09-28T16_12_25_0').on_event(Event(SET_DDD, {'ddd_name': 'call_john', 'language_code': 'eng'}, sender=DmeModule, reason=None))
2019-09-28 16:12:25,122 - tdm - DEBUG - FrontendConnectionHandler(id=140452457206992, session='2019-09-28T16_12_25_0'): writing {"content": {"ddd_name": "call_john", "language_code": "eng"}, "_sender": "DmeModule", "_reason": null, "event_type": "SET_DDD"}
2019-09-28 16:12:25,122 - tdm - DEBUG - FrontendConnectionHandler(id=140452457206992, session='2019-09-28T16_12_25_0'): OK
2019-09-28 16:12:25,122 - tdm - DEBUG - FrontendConnectionHandler(id=140452457206992, session='2019-09-28T16_12_25_0').on_event(Event(FACTS, [], sender=DmeModule, reason=None))
2019-09-28 16:12:25,122 - tdm - DEBUG - FrontendConnectionHandler(id=140452457206992, session='2019-09-28T16_12_25_0'): writing {"content": [], "_sender": "DmeModule", "_reason": null, "event_type": "FACTS"}
2019-09-28 16:12:25,122 - tdm - DEBUG - FrontendConnectionHandler(id=140452457206992, session='2019-09-28T16_12_25_0'): OK
2019-09-28 16:12:25,123 - tdm - DEBUG - FrontendConnectionHandler(id=140452457206992, session='2019-09-28T16_12_25_0').on_event(Event(FACTS, [], sender=DmeModule, reason=None))
2019-09-28 16:12:25,123 - tdm - DEBUG - FrontendConnectionHandler(id=140452457206992, session='2019-09-28T16_12_25_0'): writing {"content": [], "_sender": "DmeModule", "_reason": null, "event_type": "FACTS"}
2019-09-28 16:12:25,123 - tdm - DEBUG - FrontendConnectionHandler(id=140452457206992, session='2019-09-28T16_12_25_0'): OK
2019-09-28 16:12:25,123 - tdm - DEBUG - FrontendConnectionHandler(id=140452457206992, session='2019-09-28T16_12_25_0').on_event(Event(END_SYSTEM_TURN, {'passivity_duration': 5.0, 'system_has_asked_question': True}, sender=DmeModule, reason=None))
2019-09-28 16:12:25,123 - tdm - DEBUG - FrontendConnectionHandler(id=140452457206992, session='2019-09-28T16_12_25_0'): writing {"content": {"passivity_duration": 5.0, "system_has_asked_question": true}, "_sender": "DmeModule", "_reason": null, "event_type": "END_SYSTEM_TURN"}
2019-09-28 16:12:25,123 - tdm - DEBUG - FrontendConnectionHandler(id=140452457206992, session='2019-09-28T16_12_25_0'): OK
2019-09-28 16:12:25,123 - tdm - DEBUG - FrontendConnectionHandler(id=140452457206992, session='2019-09-28T16_12_25_0').on_event(Event(EXPECTED_PASSIVITY_DURATION, 5.0, sender=DmeModule, reason=None))
2019-09-28 16:12:25,123 - tdm - DEBUG - FrontendConnectionHandler(id=140452457206992, session='2019-09-28T16_12_25_0'): writing {"content": 5.0, "_sender": "DmeModule", "_reason": null, "event_type": "EXPECTED_PASSIVITY_DURATION"}
2019-09-28 16:12:25,123 - tdm - DEBUG - FrontendConnectionHandler(id=140452457206992, session='2019-09-28T16_12_25_0'): OK
2019-09-28 16:12:25,124 - tdm - DEBUG - FrontendConnectionHandler(id=140452457206992, session='2019-09-28T16_12_25_0').on_event(Event(SYSTEM_UTTERANCE_TO_SPEAK, ['', 'What would you like to do?'], sender=None, reason=None))
2019-09-28 16:12:25,124 - tdm - DEBUG - FrontendConnectionHandler(id=140452457206992, session='2019-09-28T16_12_25_0'): writing {"content": ["", "What would you like to do?"], "_sender": null, "_reason": null, "event_type": "SYSTEM_UTTERANCE_TO_SPEAK"}
2019-09-28 16:12:25,124 - tdm - DEBUG - FrontendConnectionHandler(id=140452457206992, session='2019-09-28T16_12_25_0'): OK
2019-09-28 16:12:25,124 - tdm - DEBUG - FrontendConnectionHandler(id=140452457206992, session='2019-09-28T16_12_25_0').on_event(Event(MESSAGE_TO_GUI, [], sender=None, reason=None))
2019-09-28 16:12:25,124 - tdm - DEBUG - FrontendConnectionHandler(id=140452457206992, session='2019-09-28T16_12_25_0'): writing {"content": [], "_sender": null, "_reason": null, "event_type": "MESSAGE_TO_GUI"}
2019-09-28 16:12:25,124 - tdm - DEBUG - FrontendConnectionHandler(id=140452457206992, session='2019-09-28T16_12_25_0'): OK
2019-09-28 16:12:26,362 - tdm - DEBUG - FrontendConnectionHandler(id=140452457206992, session='2019-09-28T16_12_25_0').on_message({"content": [{"score": 1.0, "utterance": "john"}], "_sender": "TextInputComponent", "_reason": null, "event_type": "RECOGNITION"})
2019-09-28 16:12:26,405 - tdm - DEBUG - FrontendConnectionHandler(id=140452457206992, session='2019-09-28T16_12_25_0').on_event(Event(SELECTED_RECOGNITION, 'john', sender=DmeModule, reason=None))
2019-09-28 16:12:26,405 - tdm - DEBUG - FrontendConnectionHandler(id=140452457206992, session='2019-09-28T16_12_25_0'): writing {"content": "john", "_sender": "DmeModule", "_reason": null, "event_type": "SELECTED_RECOGNITION"}
2019-09-28 16:12:26,405 - tdm - DEBUG - FrontendConnectionHandler(id=140452457206992, session='2019-09-28T16_12_25_0'): OK
2019-09-28 16:12:26,405 - tdm - DEBUG - FrontendConnectionHandler(id=140452457206992, session='2019-09-28T16_12_25_0').on_event(Event(FACTS, [], sender=DmeModule, reason=None))
2019-09-28 16:12:26,405 - tdm - DEBUG - FrontendConnectionHandler(id=140452457206992, session='2019-09-28T16_12_25_0'): writing {"content": [], "_sender": "DmeModule", "_reason": null, "event_type": "FACTS"}
2019-09-28 16:12:26,406 - tdm - DEBUG - FrontendConnectionHandler(id=140452457206992, session='2019-09-28T16_12_25_0'): OK
2019-09-28 16:12:26,406 - tdm - DEBUG - FrontendConnectionHandler(id=140452457206992, session='2019-09-28T16_12_25_0').on_event(Event(FACTS, [], sender=DmeModule, reason=None))
2019-09-28 16:12:26,406 - tdm - DEBUG - FrontendConnectionHandler(id=140452457206992, session='2019-09-28T16_12_25_0'): writing {"content": [], "_sender": "DmeModule", "_reason": null, "event_type": "FACTS"}
2019-09-28 16:12:26,406 - tdm - DEBUG - FrontendConnectionHandler(id=140452457206992, session='2019-09-28T16_12_25_0'): OK
2019-09-28 16:12:26,406 - tdm - DEBUG - FrontendConnectionHandler(id=140452457206992, session='2019-09-28T16_12_25_0').on_event(Event(END_SYSTEM_TURN, {'passivity_duration': 5.0, 'system_has_asked_question': True}, sender=DmeModule, reason=None))
2019-09-28 16:12:26,407 - tdm - DEBUG - FrontendConnectionHandler(id=140452457206992, session='2019-09-28T16_12_25_0'): writing {"content": {"passivity_duration": 5.0, "system_has_asked_question": true}, "_sender": "DmeModule", "_reason": null, "event_type": "END_SYSTEM_TURN"}
2019-09-28 16:12:26,407 - tdm - DEBUG - FrontendConnectionHandler(id=140452457206992, session='2019-09-28T16_12_25_0'): OK
2019-09-28 16:12:26,407 - tdm - DEBUG - FrontendConnectionHandler(id=140452457206992, session='2019-09-28T16_12_25_0').on_event(Event(EXPECTED_PASSIVITY_DURATION, 5.0, sender=DmeModule, reason=None))
2019-09-28 16:12:26,407 - tdm - DEBUG - FrontendConnectionHandler(id=140452457206992, session='2019-09-28T16_12_25_0'): writing {"content": 5.0, "_sender": "DmeModule", "_reason": null, "event_type": "EXPECTED_PASSIVITY_DURATION"}
2019-09-28 16:12:26,407 - tdm - DEBUG - FrontendConnectionHandler(id=140452457206992, session='2019-09-28T16_12_25_0'): OK
2019-09-28 16:12:26,407 - tdm - DEBUG - FrontendConnectionHandler(id=140452457206992, session='2019-09-28T16_12_25_0').on_event(Event(SYSTEM_UTTERANCE_TO_SPEAK, ['', 'Do you want to make a call or know the contac'ts number?'], sender=None, reason=None))
2019-09-28 16:12:26,408 - tdm - DEBUG - FrontendConnectionHandler(id=140452457206992, session='2019-09-28T16_12_25_0'): writing {"content": ["", "Do you want to make a call or know the contac'ts number?"], "_sender": null, "_reason": null, "event_type": "SYSTEM_UTTERANCE_TO_SPEAK"}
2019-09-28 16:12:26,408 - tdm - DEBUG - FrontendConnectionHandler(id=140452457206992, session='2019-09-28T16_12_25_0'): OK
2019-09-28 16:12:26,408 - tdm - DEBUG - FrontendConnectionHandler(id=140452457206992, session='2019-09-28T16_12_25_0').on_event(Event(MESSAGE_TO_GUI, [Popup(?, elements=[<tdm.nlg.tdm_gui_protocol.Element instance at 0x7fbda04bfb00>])], sender=None, reason=None))
2019-09-28 16:12:26,408 - tdm - DEBUG - FrontendConnectionHandler(id=140452457206992, session='2019-09-28T16_12_25_0'): writing {"content": [{"Popup": {"elements": [{"Element": {"name": "move", "title": "", "items": [{"Item": {"attributes": null, "selected": false, "predicted": false, "value": "request(make_call)", "title": "Make a call"}}, {"Item": {"attributes": null, "selected": false, "predicted": false, "value": "ask(?X.contact_lookup(X))", "title": "The contac'ts number?"}}], "format": "", "voice_browsed": false, "value": "", "template": "menu", "type": "list"}}], "title": "?"}}], "_sender": null, "_reason": null, "event_type": "MESSAGE_TO_GUI"}
2019-09-28 16:12:26,408 - tdm - DEBUG - FrontendConnectionHandler(id=140452457206992, session='2019-09-28T16_12_25_0'): OK
2019-09-28 16:12:26,409 - tdm - DEBUG - FrontendConnectionHandler(id=140452457206992, session='2019-09-28T16_12_25_0').on_event(Event(GUI.POPUP, {'options': [{'value': 'request(make_call)', 'title': 'Make a call'}, {'value': 'ask(?X.contact_lookup(X))', 'title': 'The contac'ts number?'}], 'title': '?'}, sender=None, reason=None))
2019-09-28 16:12:26,409 - tdm - DEBUG - FrontendConnectionHandler(id=140452457206992, session='2019-09-28T16_12_25_0'): writing {"content": {"options": [{"value": "request(make_call)", "title": "Make a call"}, {"value": "ask(?X.contact_lookup(X))", "title": "The contac'ts number?"}], "title": "?"}, "_sender": null, "_reason": null, "event_type": "GUI.POPUP"}
2019-09-28 16:12:26,409 - tdm - DEBUG - FrontendConnectionHandler(id=140452457206992, session='2019-09-28T16_12_25_0'): OK
2019-09-28 16:12:31,457 - tdm - DEBUG - FrontendConnectionHandler(id=140452457206992, session='2019-09-28T16_12_25_0').on_message({"content": null, "_sender": "Frontend", "_reason": null, "event_type": "PASSIVITY"})
2019-09-28 16:12:31,486 - tdm - DEBUG - FrontendConnectionHandler(id=140452457206992, session='2019-09-28T16_12_25_0').on_event(Event(FACTS, [], sender=DmeModule, reason=None))
2019-09-28 16:12:31,486 - tdm - DEBUG - FrontendConnectionHandler(id=140452457206992, session='2019-09-28T16_12_25_0'): writing {"content": [], "_sender": "DmeModule", "_reason": null, "event_type": "FACTS"}
2019-09-28 16:12:31,486 - tdm - DEBUG - FrontendConnectionHandler(id=140452457206992, session='2019-09-28T16_12_25_0'): OK
2019-09-28 16:12:31,486 - tdm - DEBUG - FrontendConnectionHandler(id=140452457206992, session='2019-09-28T16_12_25_0').on_event(Event(FACTS, [], sender=DmeModule, reason=None))
2019-09-28 16:12:31,486 - tdm - DEBUG - FrontendConnectionHandler(id=140452457206992, session='2019-09-28T16_12_25_0'): writing {"content": [], "_sender": "DmeModule", "_reason": null, "event_type": "FACTS"}
2019-09-28 16:12:31,486 - tdm - DEBUG - FrontendConnectionHandler(id=140452457206992, session='2019-09-28T16_12_25_0'): OK
2019-09-28 16:12:31,486 - tdm - DEBUG - FrontendConnectionHandler(id=140452457206992, session='2019-09-28T16_12_25_0').on_event(Event(END_SYSTEM_TURN, {'passivity_duration': 5.0, 'system_has_asked_question': True}, sender=DmeModule, reason=None))
2019-09-28 16:12:31,487 - tdm - DEBUG - FrontendConnectionHandler(id=140452457206992, session='2019-09-28T16_12_25_0'): writing {"content": {"passivity_duration": 5.0, "system_has_asked_question": true}, "_sender": "DmeModule", "_reason": null, "event_type": "END_SYSTEM_TURN"}
2019-09-28 16:12:31,487 - tdm - DEBUG - FrontendConnectionHandler(id=140452457206992, session='2019-09-28T16_12_25_0'): OK
2019-09-28 16:12:31,487 - tdm - DEBUG - FrontendConnectionHandler(id=140452457206992, session='2019-09-28T16_12_25_0').on_event(Event(EXPECTED_PASSIVITY_DURATION, 5.0, sender=DmeModule, reason=None))
2019-09-28 16:12:31,487 - tdm - DEBUG - FrontendConnectionHandler(id=140452457206992, session='2019-09-28T16_12_25_0'): writing {"content": 5.0, "_sender": "DmeModule", "_reason": null, "event_type": "EXPECTED_PASSIVITY_DURATION"}
2019-09-28 16:12:31,487 - tdm - DEBUG - FrontendConnectionHandler(id=140452457206992, session='2019-09-28T16_12_25_0'): OK
2019-09-28 16:12:31,488 - tdm - DEBUG - FrontendConnectionHandler(id=140452457206992, session='2019-09-28T16_12_25_0').on_event(Event(SYSTEM_UTTERANCE_TO_SPEAK, ['What would you like to do?'], sender=None, reason=None))
2019-09-28 16:12:31,488 - tdm - DEBUG - FrontendConnectionHandler(id=140452457206992, session='2019-09-28T16_12_25_0'): writing {"content": ["What would you like to do?"], "_sender": null, "_reason": null, "event_type": "SYSTEM_UTTERANCE_TO_SPEAK"}
2019-09-28 16:12:31,488 - tdm - DEBUG - FrontendConnectionHandler(id=140452457206992, session='2019-09-28T16_12_25_0'): OK
2019-09-28 16:12:31,488 - tdm - DEBUG - FrontendConnectionHandler(id=140452457206992, session='2019-09-28T16_12_25_0').on_event(Event(MESSAGE_TO_GUI, [ClosePopup()], sender=None, reason=None))
2019-09-28 16:12:31,488 - tdm - DEBUG - FrontendConnectionHandler(id=140452457206992, session='2019-09-28T16_12_25_0'): writing {"content": [{"ClosePopup": {}}], "_sender": null, "_reason": null, "event_type": "MESSAGE_TO_GUI"}
2019-09-28 16:12:31,489 - tdm - DEBUG - FrontendConnectionHandler(id=140452457206992, session='2019-09-28T16_12_25_0'): OK
2019-09-28 16:12:32,194 - tdm - DEBUG - FrontendConnectionHandler(id=140452457206992, session='2019-09-28T16_12_25_0').on_message({"content": [{"score": 1.0, "utterance": "phone number"}], "_sender": "TextInputComponent", "_reason": null, "event_type": "RECOGNITION"})
2019-09-28 16:12:32,211 - tdm - DEBUG - DeviceHandler.query_all(?X.select_contact(X), {}, eng)
2019-09-28 16:12:32,212 - tdm - DEBUG - DeviceHandler.query_all(?X.contact_lookup(X), {}, eng)
2019-09-28 16:12:32,212 - tdm - DEBUG - DeviceHandler.query_all(?X.select_contact(X), {}, eng)
2019-09-28 16:12:32,212 - tdm - DEBUG - DeviceHandler.query_all(?X.contact_lookup(X), {}, eng)
2019-09-28 16:12:32,214 - tdm - DEBUG - DeviceHandler.query_all(?X.select_contact(X), {}, eng)
2019-09-28 16:12:32,214 - tdm - DEBUG - DeviceHandler.query_all(?X.contact_lookup(X), {}, eng)
2019-09-28 16:12:32,214 - tdm - DEBUG - DeviceHandler.query_all(?X.select_contact(X), {}, eng)
2019-09-28 16:12:32,214 - tdm - DEBUG - DeviceHandler.query_all(?X.contact_lookup(X), {}, eng)
2019-09-28 16:12:32,237 - tdm - DEBUG - DeviceHandler.query_all(?X.select_contact(X), {}, eng)
2019-09-28 16:12:32,237 - tdm - DEBUG - DeviceHandler.query_all(?X.contact_lookup(X), {}, eng)
2019-09-28 16:12:32,237 - tdm - DEBUG - DeviceHandler.query_all(?X.select_contact(X), {}, eng)
2019-09-28 16:12:32,238 - tdm - DEBUG - DeviceHandler.query_all(?X.contact_lookup(X), {}, eng)
2019-09-28 16:12:32,242 - tdm - DEBUG - FrontendConnectionHandler(id=140452457206992, session='2019-09-28T16_12_25_0').on_event(Event(SELECTED_RECOGNITION, 'phone number', sender=DmeModule, reason=None))
2019-09-28 16:12:32,242 - tdm - DEBUG - FrontendConnectionHandler(id=140452457206992, session='2019-09-28T16_12_25_0'): writing {"content": "phone number", "_sender": "DmeModule", "_reason": null, "event_type": "SELECTED_RECOGNITION"}
2019-09-28 16:12:32,242 - tdm - DEBUG - FrontendConnectionHandler(id=140452457206992, session='2019-09-28T16_12_25_0'): OK
2019-09-28 16:12:32,242 - tdm - DEBUG - FrontendConnectionHandler(id=140452457206992, session='2019-09-28T16_12_25_0').on_event(Event(FACTS, [], sender=DmeModule, reason=None))
2019-09-28 16:12:32,243 - tdm - DEBUG - FrontendConnectionHandler(id=140452457206992, session='2019-09-28T16_12_25_0'): writing {"content": [], "_sender": "DmeModule", "_reason": null, "event_type": "FACTS"}
2019-09-28 16:12:32,243 - tdm - DEBUG - FrontendConnectionHandler(id=140452457206992, session='2019-09-28T16_12_25_0'): OK
2019-09-28 16:12:32,243 - tdm - DEBUG - FrontendConnectionHandler(id=140452457206992, session='2019-09-28T16_12_25_0').on_event(Event(FACTS, [], sender=DmeModule, reason=None))
2019-09-28 16:12:32,243 - tdm - DEBUG - FrontendConnectionHandler(id=140452457206992, session='2019-09-28T16_12_25_0'): writing {"content": [], "_sender": "DmeModule", "_reason": null, "event_type": "FACTS"}
2019-09-28 16:12:32,243 - tdm - DEBUG - FrontendConnectionHandler(id=140452457206992, session='2019-09-28T16_12_25_0'): OK
2019-09-28 16:12:32,243 - tdm - DEBUG - FrontendConnectionHandler(id=140452457206992, session='2019-09-28T16_12_25_0').on_event(Event(END_SYSTEM_TURN, {'passivity_duration': 5.0, 'system_has_asked_question': True}, sender=DmeModule, reason=None))
2019-09-28 16:12:32,244 - tdm - DEBUG - FrontendConnectionHandler(id=140452457206992, session='2019-09-28T16_12_25_0'): writing {"content": {"passivity_duration": 5.0, "system_has_asked_question": true}, "_sender": "DmeModule", "_reason": null, "event_type": "END_SYSTEM_TURN"}
2019-09-28 16:12:32,244 - tdm - DEBUG - FrontendConnectionHandler(id=140452457206992, session='2019-09-28T16_12_25_0'): OK
2019-09-28 16:12:32,244 - tdm - DEBUG - FrontendConnectionHandler(id=140452457206992, session='2019-09-28T16_12_25_0').on_event(Event(EXPECTED_PASSIVITY_DURATION, 5.0, sender=DmeModule, reason=None))
2019-09-28 16:12:32,244 - tdm - DEBUG - FrontendConnectionHandler(id=140452457206992, session='2019-09-28T16_12_25_0'): writing {"content": 5.0, "_sender": "DmeModule", "_reason": null, "event_type": "EXPECTED_PASSIVITY_DURATION"}
2019-09-28 16:12:32,244 - tdm - DEBUG - FrontendConnectionHandler(id=140452457206992, session='2019-09-28T16_12_25_0'): OK
2019-09-28 16:12:32,244 - tdm - DEBUG - FrontendConnectionHandler(id=140452457206992, session='2019-09-28T16_12_25_0').on_event(Event(SYSTEM_UTTERANCE_TO_SPEAK, ['', '', 'Which contact?'], sender=None, reason=None))
2019-09-28 16:12:32,244 - tdm - DEBUG - FrontendConnectionHandler(id=140452457206992, session='2019-09-28T16_12_25_0'): writing {"content": ["", "", "Which contact?"], "_sender": null, "_reason": null, "event_type": "SYSTEM_UTTERANCE_TO_SPEAK"}
2019-09-28 16:12:32,244 - tdm - DEBUG - FrontendConnectionHandler(id=140452457206992, session='2019-09-28T16_12_25_0'): OK
2019-09-28 16:12:32,245 - tdm - DEBUG - FrontendConnectionHandler(id=140452457206992, session='2019-09-28T16_12_25_0').on_event(Event(MESSAGE_TO_GUI, [], sender=None, reason=None))
2019-09-28 16:12:32,245 - tdm - DEBUG - FrontendConnectionHandler(id=140452457206992, session='2019-09-28T16_12_25_0'): writing {"content": [], "_sender": null, "_reason": null, "event_type": "MESSAGE_TO_GUI"}
2019-09-28 16:12:32,245 - tdm - DEBUG - FrontendConnectionHandler(id=140452457206992, session='2019-09-28T16_12_25_0'): OK
2019-09-28 16:12:35,809 - tdm - DEBUG - FrontendConnectionHandler(id=140452457206992, session='2019-09-28T16_12_25_0').on_message({"content": [{"score": 1.0, "utterance": "james"}], "_sender": "TextInputComponent", "_reason": null, "event_type": "RECOGNITION"})
2019-09-28 16:12:35,811 - tdm - DEBUG - DeviceHandler.recognize(james, eng)
2019-09-28 16:12:35,817 - tdm - DEBUG - DeviceHandler.query_all(?X.select_contact(X), {}, eng)
2019-09-28 16:12:35,817 - tdm - DEBUG - DeviceHandler.query_all(?X.contact_lookup(X), {}, eng)
2019-09-28 16:12:35,817 - tdm - DEBUG - DeviceHandler.query_all(?X.select_contact(X), {}, eng)
2019-09-28 16:12:35,817 - tdm - DEBUG - DeviceHandler.query_all(?X.contact_lookup(X), {}, eng)
2019-09-28 16:12:35,819 - tdm - DEBUG - DeviceHandler.query_all(?X.select_contact(X), {}, eng)
2019-09-28 16:12:35,819 - tdm - DEBUG - DeviceHandler.query_all(?X.contact_lookup(X), {}, eng)
2019-09-28 16:12:35,819 - tdm - DEBUG - DeviceHandler.query_all(?X.select_contact(X), {}, eng)
2019-09-28 16:12:35,819 - tdm - DEBUG - DeviceHandler.query_all(?X.contact_lookup(X), {}, eng)
2019-09-28 16:12:35,842 - tdm - DEBUG - DeviceHandler.query_all(?X.select_contact(X), {}, eng)
2019-09-28 16:12:35,843 - tdm - DEBUG - DeviceHandler.query_all(?X.contact_lookup(X), {}, eng)
2019-09-28 16:12:35,843 - tdm - DEBUG - DeviceHandler.query_all(?X.select_contact(X), {}, eng)
2019-09-28 16:12:35,843 - tdm - DEBUG - DeviceHandler.query_all(?X.contact_lookup(X), {}, eng)
2019-09-28 16:12:35,848 - tdm - DEBUG - FrontendConnectionHandler(id=140452457206992, session='2019-09-28T16_12_25_0').on_event(Event(FACTS, [], sender=DmeModule, reason=None))
2019-09-28 16:12:35,848 - tdm - DEBUG - FrontendConnectionHandler(id=140452457206992, session='2019-09-28T16_12_25_0'): writing {"content": [], "_sender": "DmeModule", "_reason": null, "event_type": "FACTS"}
2019-09-28 16:12:35,848 - tdm - DEBUG - FrontendConnectionHandler(id=140452457206992, session='2019-09-28T16_12_25_0'): OK
2019-09-28 16:12:35,848 - tdm - DEBUG - FrontendConnectionHandler(id=140452457206992, session='2019-09-28T16_12_25_0').on_event(Event(FACTS, [], sender=DmeModule, reason=None))
2019-09-28 16:12:35,848 - tdm - DEBUG - FrontendConnectionHandler(id=140452457206992, session='2019-09-28T16_12_25_0'): writing {"content": [], "_sender": "DmeModule", "_reason": null, "event_type": "FACTS"}
2019-09-28 16:12:35,848 - tdm - DEBUG - FrontendConnectionHandler(id=140452457206992, session='2019-09-28T16_12_25_0'): OK
2019-09-28 16:12:35,848 - tdm - DEBUG - FrontendConnectionHandler(id=140452457206992, session='2019-09-28T16_12_25_0').on_event(Event(END_SYSTEM_TURN, {'passivity_duration': None, 'system_has_asked_question': True}, sender=DmeModule, reason=None))
2019-09-28 16:12:35,849 - tdm - DEBUG - FrontendConnectionHandler(id=140452457206992, session='2019-09-28T16_12_25_0'): writing {"content": {"passivity_duration": null, "system_has_asked_question": true}, "_sender": "DmeModule", "_reason": null, "event_type": "END_SYSTEM_TURN"}
2019-09-28 16:12:35,849 - tdm - DEBUG - FrontendConnectionHandler(id=140452457206992, session='2019-09-28T16_12_25_0'): OK
2019-09-28 16:12:35,849 - tdm - DEBUG - FrontendConnectionHandler(id=140452457206992, session='2019-09-28T16_12_25_0').on_event(Event(SYSTEM_UTTERANCE_TO_SPEAK, ['I heard you say james.', 'I don't understand.', 'So,', 'Which contact?'], sender=None, reason=None))
2019-09-28 16:12:35,849 - tdm - DEBUG - FrontendConnectionHandler(id=140452457206992, session='2019-09-28T16_12_25_0'): writing {"content": ["I heard you say james.", "I don't understand.", "So,", "Which contact?"], "_sender": null, "_reason": null, "event_type": "SYSTEM_UTTERANCE_TO_SPEAK"}
2019-09-28 16:12:35,849 - tdm - DEBUG - FrontendConnectionHandler(id=140452457206992, session='2019-09-28T16_12_25_0'): OK
2019-09-28 16:12:35,849 - tdm - DEBUG - FrontendConnectionHandler(id=140452457206992, session='2019-09-28T16_12_25_0').on_event(Event(MESSAGE_TO_GUI, [], sender=None, reason=None))
2019-09-28 16:12:35,850 - tdm - DEBUG - FrontendConnectionHandler(id=140452457206992, session='2019-09-28T16_12_25_0'): writing {"content": [], "_sender": null, "_reason": null, "event_type": "MESSAGE_TO_GUI"}
2019-09-28 16:12:35,850 - tdm - DEBUG - FrontendConnectionHandler(id=140452457206992, session='2019-09-28T16_12_25_0'): OK
2019-09-28 16:12:39,520 - tdm - DEBUG - FrontendConnectionHandler(id=140452457206992, session='2019-09-28T16_12_25_0').on_message({"content": [{"score": 1.0, "utterance": "top"}], "_sender": "TextInputComponent", "_reason": null, "event_type": "RECOGNITION"})
2019-09-28 16:12:39,526 - tdm - DEBUG - DeviceHandler.query_all(?X.select_contact(X), {}, eng)
2019-09-28 16:12:39,570 - tdm - DEBUG - FrontendConnectionHandler(id=140452457206992, session='2019-09-28T16_12_25_0').on_event(Event(SELECTED_RECOGNITION, 'top', sender=DmeModule, reason=None))
2019-09-28 16:12:39,570 - tdm - DEBUG - FrontendConnectionHandler(id=140452457206992, session='2019-09-28T16_12_25_0'): writing {"content": "top", "_sender": "DmeModule", "_reason": null, "event_type": "SELECTED_RECOGNITION"}
2019-09-28 16:12:39,570 - tdm - DEBUG - FrontendConnectionHandler(id=140452457206992, session='2019-09-28T16_12_25_0'): OK
2019-09-28 16:12:39,570 - tdm - DEBUG - FrontendConnectionHandler(id=140452457206992, session='2019-09-28T16_12_25_0').on_event(Event(FACTS, [], sender=DmeModule, reason=None))
2019-09-28 16:12:39,570 - tdm - DEBUG - FrontendConnectionHandler(id=140452457206992, session='2019-09-28T16_12_25_0'): writing {"content": [], "_sender": "DmeModule", "_reason": null, "event_type": "FACTS"}
2019-09-28 16:12:39,570 - tdm - DEBUG - FrontendConnectionHandler(id=140452457206992, session='2019-09-28T16_12_25_0'): OK
2019-09-28 16:12:39,570 - tdm - DEBUG - FrontendConnectionHandler(id=140452457206992, session='2019-09-28T16_12_25_0').on_event(Event(FACTS, [], sender=DmeModule, reason=None))
2019-09-28 16:12:39,571 - tdm - DEBUG - FrontendConnectionHandler(id=140452457206992, session='2019-09-28T16_12_25_0'): writing {"content": [], "_sender": "DmeModule", "_reason": null, "event_type": "FACTS"}
2019-09-28 16:12:39,571 - tdm - DEBUG - FrontendConnectionHandler(id=140452457206992, session='2019-09-28T16_12_25_0'): OK
2019-09-28 16:12:39,571 - tdm - DEBUG - FrontendConnectionHandler(id=140452457206992, session='2019-09-28T16_12_25_0').on_event(Event(END_SYSTEM_TURN, {'passivity_duration': 5.0, 'system_has_asked_question': True}, sender=DmeModule, reason=None))
2019-09-28 16:12:39,571 - tdm - DEBUG - FrontendConnectionHandler(id=140452457206992, session='2019-09-28T16_12_25_0'): writing {"content": {"passivity_duration": 5.0, "system_has_asked_question": true}, "_sender": "DmeModule", "_reason": null, "event_type": "END_SYSTEM_TURN"}
2019-09-28 16:12:39,572 - tdm - DEBUG - FrontendConnectionHandler(id=140452457206992, session='2019-09-28T16_12_25_0'): OK
2019-09-28 16:12:39,572 - tdm - DEBUG - FrontendConnectionHandler(id=140452457206992, session='2019-09-28T16_12_25_0').on_event(Event(EXPECTED_PASSIVITY_DURATION, 5.0, sender=DmeModule, reason=None))
2019-09-28 16:12:39,572 - tdm - DEBUG - FrontendConnectionHandler(id=140452457206992, session='2019-09-28T16_12_25_0'): writing {"content": 5.0, "_sender": "DmeModule", "_reason": null, "event_type": "EXPECTED_PASSIVITY_DURATION"}
2019-09-28 16:12:39,572 - tdm - DEBUG - FrontendConnectionHandler(id=140452457206992, session='2019-09-28T16_12_25_0'): OK
2019-09-28 16:12:39,572 - tdm - DEBUG - FrontendConnectionHandler(id=140452457206992, session='2019-09-28T16_12_25_0').on_event(Event(SYSTEM_UTTERANCE_TO_SPEAK, ['', '', 'What would you like to do?'], sender=None, reason=None))
2019-09-28 16:12:39,572 - tdm - DEBUG - FrontendConnectionHandler(id=140452457206992, session='2019-09-28T16_12_25_0'): writing {"content": ["", "", "What would you like to do?"], "_sender": null, "_reason": null, "event_type": "SYSTEM_UTTERANCE_TO_SPEAK"}
2019-09-28 16:12:39,572 - tdm - DEBUG - FrontendConnectionHandler(id=140452457206992, session='2019-09-28T16_12_25_0'): OK
2019-09-28 16:12:39,573 - tdm - DEBUG - FrontendConnectionHandler(id=140452457206992, session='2019-09-28T16_12_25_0').on_event(Event(MESSAGE_TO_GUI, [], sender=None, reason=None))
2019-09-28 16:12:39,573 - tdm - DEBUG - FrontendConnectionHandler(id=140452457206992, session='2019-09-28T16_12_25_0'): writing {"content": [], "_sender": null, "_reason": null, "event_type": "MESSAGE_TO_GUI"}
2019-09-28 16:12:39,573 - tdm - DEBUG - FrontendConnectionHandler(id=140452457206992, session='2019-09-28T16_12_25_0'): OK
2019-09-28 16:12:40,864 - tdm - DEBUG - FrontendConnectionHandler(id=140452457206992, session='2019-09-28T16_12_25_0').on_message({"content": [{"score": 1.0, "utterance": "abort"}], "_sender": "TextInputComponent", "_reason": null, "event_type": "RECOGNITION"})
2019-09-28 16:12:40,927 - tdm - DEBUG - FrontendConnectionHandler(id=140452457206992, session='2019-09-28T16_12_25_0').on_event(Event(SELECTED_RECOGNITION, 'abort', sender=DmeModule, reason=None))
2019-09-28 16:12:40,927 - tdm - DEBUG - FrontendConnectionHandler(id=140452457206992, session='2019-09-28T16_12_25_0'): writing {"content": "abort", "_sender": "DmeModule", "_reason": null, "event_type": "SELECTED_RECOGNITION"}
2019-09-28 16:12:40,928 - tdm - DEBUG - FrontendConnectionHandler(id=140452457206992, session='2019-09-28T16_12_25_0'): OK
2019-09-28 16:12:40,928 - tdm - DEBUG - FrontendConnectionHandler(id=140452457206992, session='2019-09-28T16_12_25_0').on_event(Event(FACTS, [], sender=DmeModule, reason=None))
2019-09-28 16:12:40,928 - tdm - DEBUG - FrontendConnectionHandler(id=140452457206992, session='2019-09-28T16_12_25_0'): writing {"content": [], "_sender": "DmeModule", "_reason": null, "event_type": "FACTS"}
2019-09-28 16:12:40,928 - tdm - DEBUG - FrontendConnectionHandler(id=140452457206992, session='2019-09-28T16_12_25_0'): OK
2019-09-28 16:12:40,928 - tdm - DEBUG - FrontendConnectionHandler(id=140452457206992, session='2019-09-28T16_12_25_0').on_event(Event(FACTS, [], sender=DmeModule, reason=None))
2019-09-28 16:12:40,929 - tdm - DEBUG - FrontendConnectionHandler(id=140452457206992, session='2019-09-28T16_12_25_0'): writing {"content": [], "_sender": "DmeModule", "_reason": null, "event_type": "FACTS"}
2019-09-28 16:12:40,929 - tdm - DEBUG - FrontendConnectionHandler(id=140452457206992, session='2019-09-28T16_12_25_0'): OK
2019-09-28 16:12:40,930 - tdm - DEBUG - FrontendConnectionHandler(id=140452457206992, session='2019-09-28T16_12_25_0').on_event(Event(END_SYSTEM_TURN, {'passivity_duration': None, 'system_has_asked_question': True}, sender=DmeModule, reason=None))
2019-09-28 16:12:40,930 - tdm - DEBUG - FrontendConnectionHandler(id=140452457206992, session='2019-09-28T16_12_25_0'): writing {"content": {"passivity_duration": null, "system_has_asked_question": true}, "_sender": "DmeModule", "_reason": null, "event_type": "END_SYSTEM_TURN"}
2019-09-28 16:12:40,930 - tdm - DEBUG - FrontendConnectionHandler(id=140452457206992, session='2019-09-28T16_12_25_0'): OK
2019-09-28 16:12:40,930 - tdm - DEBUG - FrontendConnectionHandler(id=140452457206992, session='2019-09-28T16_12_25_0').on_event(Event(SYSTEM_UTTERANCE_TO_SPEAK, ['', '', 'What would you like to do?'], sender=None, reason=None))
2019-09-28 16:12:40,930 - tdm - DEBUG - FrontendConnectionHandler(id=140452457206992, session='2019-09-28T16_12_25_0'): writing {"content": ["", "", "What would you like to do?"], "_sender": null, "_reason": null, "event_type": "SYSTEM_UTTERANCE_TO_SPEAK"}
2019-09-28 16:12:40,931 - tdm - DEBUG - FrontendConnectionHandler(id=140452457206992, session='2019-09-28T16_12_25_0'): OK
2019-09-28 16:12:40,931 - tdm - DEBUG - FrontendConnectionHandler(id=140452457206992, session='2019-09-28T16_12_25_0').on_event(Event(MESSAGE_TO_GUI, [], sender=None, reason=None))
2019-09-28 16:12:40,931 - tdm - DEBUG - FrontendConnectionHandler(id=140452457206992, session='2019-09-28T16_12_25_0'): writing {"content": [], "_sender": null, "_reason": null, "event_type": "MESSAGE_TO_GUI"}
2019-09-28 16:12:40,931 - tdm - DEBUG - FrontendConnectionHandler(id=140452457206992, session='2019-09-28T16_12_25_0'): OK
2019-09-28 16:12:42,488 - tdm - DEBUG - FrontendConnectionHandler(id=140452457206992, session='2019-09-28T16_12_25_0').on_message({"content": [{"score": 1.0, "utterance": "john"}], "_sender": "TextInputComponent", "_reason": null, "event_type": "RECOGNITION"})
2019-09-28 16:12:42,536 - tdm - DEBUG - FrontendConnectionHandler(id=140452457206992, session='2019-09-28T16_12_25_0').on_event(Event(SELECTED_RECOGNITION, 'john', sender=DmeModule, reason=None))
2019-09-28 16:12:42,536 - tdm - DEBUG - FrontendConnectionHandler(id=140452457206992, session='2019-09-28T16_12_25_0'): writing {"content": "john", "_sender": "DmeModule", "_reason": null, "event_type": "SELECTED_RECOGNITION"}
2019-09-28 16:12:42,536 - tdm - DEBUG - FrontendConnectionHandler(id=140452457206992, session='2019-09-28T16_12_25_0'): OK
2019-09-28 16:12:42,536 - tdm - DEBUG - FrontendConnectionHandler(id=140452457206992, session='2019-09-28T16_12_25_0').on_event(Event(FACTS, [], sender=DmeModule, reason=None))
2019-09-28 16:12:42,536 - tdm - DEBUG - FrontendConnectionHandler(id=140452457206992, session='2019-09-28T16_12_25_0'): writing {"content": [], "_sender": "DmeModule", "_reason": null, "event_type": "FACTS"}
2019-09-28 16:12:42,536 - tdm - DEBUG - FrontendConnectionHandler(id=140452457206992, session='2019-09-28T16_12_25_0'): OK
2019-09-28 16:12:42,537 - tdm - DEBUG - FrontendConnectionHandler(id=140452457206992, session='2019-09-28T16_12_25_0').on_event(Event(FACTS, [], sender=DmeModule, reason=None))
2019-09-28 16:12:42,537 - tdm - DEBUG - FrontendConnectionHandler(id=140452457206992, session='2019-09-28T16_12_25_0'): writing {"content": [], "_sender": "DmeModule", "_reason": null, "event_type": "FACTS"}
2019-09-28 16:12:42,537 - tdm - DEBUG - FrontendConnectionHandler(id=140452457206992, session='2019-09-28T16_12_25_0'): OK
2019-09-28 16:12:42,538 - tdm - DEBUG - FrontendConnectionHandler(id=140452457206992, session='2019-09-28T16_12_25_0').on_event(Event(END_SYSTEM_TURN, {'passivity_duration': 5.0, 'system_has_asked_question': True}, sender=DmeModule, reason=None))
2019-09-28 16:12:42,538 - tdm - DEBUG - FrontendConnectionHandler(id=140452457206992, session='2019-09-28T16_12_25_0'): writing {"content": {"passivity_duration": 5.0, "system_has_asked_question": true}, "_sender": "DmeModule", "_reason": null, "event_type": "END_SYSTEM_TURN"}
2019-09-28 16:12:42,538 - tdm - DEBUG - FrontendConnectionHandler(id=140452457206992, session='2019-09-28T16_12_25_0'): OK
2019-09-28 16:12:42,538 - tdm - DEBUG - FrontendConnectionHandler(id=140452457206992, session='2019-09-28T16_12_25_0').on_event(Event(EXPECTED_PASSIVITY_DURATION, 5.0, sender=DmeModule, reason=None))
2019-09-28 16:12:42,538 - tdm - DEBUG - FrontendConnectionHandler(id=140452457206992, session='2019-09-28T16_12_25_0'): writing {"content": 5.0, "_sender": "DmeModule", "_reason": null, "event_type": "EXPECTED_PASSIVITY_DURATION"}
2019-09-28 16:12:42,539 - tdm - DEBUG - FrontendConnectionHandler(id=140452457206992, session='2019-09-28T16_12_25_0'): OK
2019-09-28 16:12:42,539 - tdm - DEBUG - FrontendConnectionHandler(id=140452457206992, session='2019-09-28T16_12_25_0').on_event(Event(SYSTEM_UTTERANCE_TO_SPEAK, ['', 'Do you want to make a call or know the contac'ts number?'], sender=None, reason=None))
2019-09-28 16:12:42,540 - tdm - DEBUG - FrontendConnectionHandler(id=140452457206992, session='2019-09-28T16_12_25_0'): writing {"content": ["", "Do you want to make a call or know the contac'ts number?"], "_sender": null, "_reason": null, "event_type": "SYSTEM_UTTERANCE_TO_SPEAK"}
2019-09-28 16:12:42,540 - tdm - DEBUG - FrontendConnectionHandler(id=140452457206992, session='2019-09-28T16_12_25_0'): OK
2019-09-28 16:12:42,541 - tdm - DEBUG - FrontendConnectionHandler(id=140452457206992, session='2019-09-28T16_12_25_0').on_event(Event(MESSAGE_TO_GUI, [Popup(?, elements=[<tdm.nlg.tdm_gui_protocol.Element instance at 0x7fbda04c92d8>])], sender=None, reason=None))
2019-09-28 16:12:42,541 - tdm - DEBUG - FrontendConnectionHandler(id=140452457206992, session='2019-09-28T16_12_25_0'): writing {"content": [{"Popup": {"elements": [{"Element": {"name": "move", "title": "", "items": [{"Item": {"attributes": null, "selected": false, "predicted": false, "value": "request(make_call)", "title": "Make a call"}}, {"Item": {"attributes": null, "selected": false, "predicted": false, "value": "ask(?X.contact_lookup(X))", "title": "The contac'ts number?"}}], "format": "", "voice_browsed": false, "value": "", "template": "menu", "type": "list"}}], "title": "?"}}], "_sender": null, "_reason": null, "event_type": "MESSAGE_TO_GUI"}
2019-09-28 16:12:42,542 - tdm - DEBUG - FrontendConnectionHandler(id=140452457206992, session='2019-09-28T16_12_25_0'): OK
2019-09-28 16:12:42,542 - tdm - DEBUG - FrontendConnectionHandler(id=140452457206992, session='2019-09-28T16_12_25_0').on_event(Event(GUI.POPUP, {'options': [{'value': 'request(make_call)', 'title': 'Make a call'}, {'value': 'ask(?X.contact_lookup(X))', 'title': 'The contac'ts number?'}], 'title': '?'}, sender=None, reason=None))
2019-09-28 16:12:42,543 - tdm - DEBUG - FrontendConnectionHandler(id=140452457206992, session='2019-09-28T16_12_25_0'): writing {"content": {"options": [{"value": "request(make_call)", "title": "Make a call"}, {"value": "ask(?X.contact_lookup(X))", "title": "The contac'ts number?"}], "title": "?"}, "_sender": null, "_reason": null, "event_type": "GUI.POPUP"}
2019-09-28 16:12:42,543 - tdm - DEBUG - FrontendConnectionHandler(id=140452457206992, session='2019-09-28T16_12_25_0'): OK
2019-09-28 16:12:45,737 - tdm - DEBUG - FrontendConnectionHandler(id=140452457206992, session='2019-09-28T16_12_25_0').on_message({"content": [{"score": 1.0, "utterance": "phone number"}], "_sender": "TextInputComponent", "_reason": null, "event_type": "RECOGNITION"})
2019-09-28 16:12:45,776 - tdm - DEBUG - DeviceHandler.is_valid_parameter(select_contact(contact_john), {}, eng)
2019-09-28 16:12:45,777 - tdm - DEBUG - DeviceHandler invocation ID: 21fc68b9bdc04e35fbd3a45732421e8c
2019-09-28 16:12:45,777 - tdm - DEBUG - DeviceHandler.is_valid_parameter(select_contact(contact_john), {}, eng)
2019-09-28 16:12:45,777 - tdm - DEBUG - DeviceHandler invocation ID: 5c59f4eb3bcf08d7eba314589593d93f
2019-09-28 16:12:45,781 - tdm - DEBUG - DeviceHandler.is_valid_parameter(select_contact(contact_john), {}, eng)
2019-09-28 16:12:45,781 - tdm - DEBUG - DeviceHandler invocation ID: 1a0769e732c9d0c5dd1a884ca34dbad5
2019-09-28 16:12:45,788 - tdm - DEBUG - DeviceHandler.query_all(?X.select_number(X), {select_contact(contact_john), resolved(?X.select_contact(X))}, eng)
2019-09-28 16:12:45,789 - tdm - DEBUG - DeviceHandler.query_all(?X.contact_lookup(X), {select_contact(contact_john), resolved(?X.select_contact(X))}, eng)
2019-09-28 16:12:45,789 - tdm - DEBUG - DeviceHandler.query_all(?X.select_number(X), {select_contact(contact_john), resolved(?X.select_contact(X))}, eng)
2019-09-28 16:12:45,789 - tdm - DEBUG - DeviceHandler.query_all(?X.contact_lookup(X), {select_contact(contact_john), resolved(?X.select_contact(X))}, eng)
2019-09-28 16:12:45,791 - tdm - DEBUG - DeviceHandler.query_all(?X.select_number(X), {select_contact(contact_john), resolved(?X.select_contact(X))}, eng)
2019-09-28 16:12:45,791 - tdm - DEBUG - DeviceHandler.query_all(?X.contact_lookup(X), {select_contact(contact_john), resolved(?X.select_contact(X))}, eng)
2019-09-28 16:12:45,792 - tdm - DEBUG - DeviceHandler.query_all(?X.select_number(X), {select_contact(contact_john), resolved(?X.select_contact(X))}, eng)
2019-09-28 16:12:45,792 - tdm - DEBUG - DeviceHandler.query_all(?X.contact_lookup(X), {select_contact(contact_john), resolved(?X.select_contact(X))}, eng)
2019-09-28 16:12:45,819 - tdm - DEBUG - DeviceHandler.query_all(?X.select_number(X), {select_contact(contact_john), resolved(?X.select_contact(X))}, eng)
2019-09-28 16:12:45,819 - tdm - DEBUG - DeviceHandler.query_all(?X.contact_lookup(X), {select_contact(contact_john), resolved(?X.select_contact(X))}, eng)
2019-09-28 16:12:45,820 - tdm - DEBUG - DeviceHandler.query_all(?X.select_number(X), {select_contact(contact_john), resolved(?X.select_contact(X))}, eng)
2019-09-28 16:12:45,820 - tdm - DEBUG - DeviceHandler.query_all(?X.contact_lookup(X), {select_contact(contact_john), resolved(?X.select_contact(X))}, eng)
2019-09-28 16:12:45,826 - tdm - DEBUG - FrontendConnectionHandler(id=140452457206992, session='2019-09-28T16_12_25_0').on_event(Event(SELECTED_RECOGNITION, 'phone number', sender=DmeModule, reason=None))
2019-09-28 16:12:45,826 - tdm - DEBUG - FrontendConnectionHandler(id=140452457206992, session='2019-09-28T16_12_25_0'): writing {"content": "phone number", "_sender": "DmeModule", "_reason": null, "event_type": "SELECTED_RECOGNITION"}
2019-09-28 16:12:45,826 - tdm - DEBUG - FrontendConnectionHandler(id=140452457206992, session='2019-09-28T16_12_25_0'): OK
2019-09-28 16:12:45,826 - tdm - DEBUG - FrontendConnectionHandler(id=140452457206992, session='2019-09-28T16_12_25_0').on_event(Event(FACTS, [{'predicate': 'select_contact', 'grammar_entry': 'John', 'value': 'contact_john'}], sender=DmeModule, reason=None))
2019-09-28 16:12:45,826 - tdm - DEBUG - FrontendConnectionHandler(id=140452457206992, session='2019-09-28T16_12_25_0'): writing {"content": [{"predicate": "select_contact", "grammar_entry": "John", "value": "contact_john"}], "_sender": "DmeModule", "_reason": null, "event_type": "FACTS"}
2019-09-28 16:12:45,826 - tdm - DEBUG - FrontendConnectionHandler(id=140452457206992, session='2019-09-28T16_12_25_0'): OK
2019-09-28 16:12:45,826 - tdm - DEBUG - FrontendConnectionHandler(id=140452457206992, session='2019-09-28T16_12_25_0').on_event(Event(FACTS, [{'predicate': 'select_contact', 'grammar_entry': 'John', 'value': 'contact_john'}], sender=DmeModule, reason=None))
2019-09-28 16:12:45,826 - tdm - DEBUG - FrontendConnectionHandler(id=140452457206992, session='2019-09-28T16_12_25_0'): writing {"content": [{"predicate": "select_contact", "grammar_entry": "John", "value": "contact_john"}], "_sender": "DmeModule", "_reason": null, "event_type": "FACTS"}
2019-09-28 16:12:45,827 - tdm - DEBUG - FrontendConnectionHandler(id=140452457206992, session='2019-09-28T16_12_25_0'): OK
2019-09-28 16:12:45,827 - tdm - DEBUG - FrontendConnectionHandler(id=140452457206992, session='2019-09-28T16_12_25_0').on_event(Event(END_SYSTEM_TURN, {'passivity_duration': 5.0, 'system_has_asked_question': True}, sender=DmeModule, reason=None))
2019-09-28 16:12:45,827 - tdm - DEBUG - FrontendConnectionHandler(id=140452457206992, session='2019-09-28T16_12_25_0'): writing {"content": {"passivity_duration": 5.0, "system_has_asked_question": true}, "_sender": "DmeModule", "_reason": null, "event_type": "END_SYSTEM_TURN"}
2019-09-28 16:12:45,827 - tdm - DEBUG - FrontendConnectionHandler(id=140452457206992, session='2019-09-28T16_12_25_0'): OK
2019-09-28 16:12:45,828 - tdm - DEBUG - FrontendConnectionHandler(id=140452457206992, session='2019-09-28T16_12_25_0').on_event(Event(EXPECTED_PASSIVITY_DURATION, 5.0, sender=DmeModule, reason=None))
2019-09-28 16:12:45,828 - tdm - DEBUG - FrontendConnectionHandler(id=140452457206992, session='2019-09-28T16_12_25_0'): writing {"content": 5.0, "_sender": "DmeModule", "_reason": null, "event_type": "EXPECTED_PASSIVITY_DURATION"}
2019-09-28 16:12:45,828 - tdm - DEBUG - FrontendConnectionHandler(id=140452457206992, session='2019-09-28T16_12_25_0'): OK
2019-09-28 16:12:45,828 - tdm - DEBUG - FrontendConnectionHandler(id=140452457206992, session='2019-09-28T16_12_25_0').on_event(Event(SYSTEM_UTTERANCE_TO_SPEAK, ['', '', 'Which phone?'], sender=None, reason=None))
2019-09-28 16:12:45,829 - tdm - DEBUG - FrontendConnectionHandler(id=140452457206992, session='2019-09-28T16_12_25_0'): writing {"content": ["", "", "Which phone?"], "_sender": null, "_reason": null, "event_type": "SYSTEM_UTTERANCE_TO_SPEAK"}
2019-09-28 16:12:45,829 - tdm - DEBUG - FrontendConnectionHandler(id=140452457206992, session='2019-09-28T16_12_25_0'): OK
2019-09-28 16:12:45,829 - tdm - DEBUG - FrontendConnectionHandler(id=140452457206992, session='2019-09-28T16_12_25_0').on_event(Event(MESSAGE_TO_GUI, [ClosePopup()], sender=None, reason=None))
2019-09-28 16:12:45,829 - tdm - DEBUG - FrontendConnectionHandler(id=140452457206992, session='2019-09-28T16_12_25_0'): writing {"content": [{"ClosePopup": {}}], "_sender": null, "_reason": null, "event_type": "MESSAGE_TO_GUI"}
2019-09-28 16:12:45,829 - tdm - DEBUG - FrontendConnectionHandler(id=140452457206992, session='2019-09-28T16_12_25_0'): OK
2019-09-28 16:12:47,592 - tdm - DEBUG - FrontendConnectionHandler(id=140452457206992, session='2019-09-28T16_12_25_0').on_message({"content": [{"score": 1.0, "utterance": "mobile"}], "_sender": "TextInputComponent", "_reason": null, "event_type": "RECOGNITION"})
2019-09-28 16:12:47,602 - tdm - DEBUG - DeviceHandler.query_all(?X.select_number(X), {select_contact(contact_john), resolved(?X.select_contact(X))}, eng)
2019-09-28 16:12:47,611 - tdm - DEBUG - DeviceHandler.is_valid_parameter(select_number(mobile), {select_contact(contact_john), resolved(?X.select_contact(X))}, eng)
2019-09-28 16:12:47,611 - tdm - DEBUG - DeviceHandler invocation ID: 0d06ff512c60cd8ea32684a20bbe1704
2019-09-28 16:12:47,617 - tdm - DEBUG - DeviceHandler.query_all(?X.contact_lookup(X), {select_contact(contact_john), resolved(?X.select_contact(X)), select_number(mobile), resolved(?X.select_number(X))}, eng)
2019-09-28 16:12:47,617 - tdm - DEBUG - DeviceHandler invocation ID: e449e769d2b324b95e0512e0122512ae
2019-09-28 16:12:47,647 - tdm - DEBUG - FrontendConnectionHandler(id=140452457206992, session='2019-09-28T16_12_25_0').on_event(Event(SELECTED_RECOGNITION, 'mobile', sender=DmeModule, reason=None))
2019-09-28 16:12:47,647 - tdm - DEBUG - FrontendConnectionHandler(id=140452457206992, session='2019-09-28T16_12_25_0'): writing {"content": "mobile", "_sender": "DmeModule", "_reason": null, "event_type": "SELECTED_RECOGNITION"}
2019-09-28 16:12:47,648 - tdm - DEBUG - FrontendConnectionHandler(id=140452457206992, session='2019-09-28T16_12_25_0'): OK
2019-09-28 16:12:47,648 - tdm - DEBUG - FrontendConnectionHandler(id=140452457206992, session='2019-09-28T16_12_25_0').on_event(Event(FACTS, [{'predicate': 'select_contact', 'grammar_entry': 'John', 'value': 'contact_john'}, {'predicate': 'contact_lookup', 'grammar_entry': None, 'value': '0701234567'}], sender=DmeModule, reason=None))
2019-09-28 16:12:47,648 - tdm - DEBUG - FrontendConnectionHandler(id=140452457206992, session='2019-09-28T16_12_25_0'): writing {"content": [{"predicate": "select_contact", "grammar_entry": "John", "value": "contact_john"}, {"predicate": "contact_lookup", "grammar_entry": null, "value": "0701234567"}], "_sender": "DmeModule", "_reason": null, "event_type": "FACTS"}
2019-09-28 16:12:47,648 - tdm - DEBUG - FrontendConnectionHandler(id=140452457206992, session='2019-09-28T16_12_25_0'): OK
2019-09-28 16:12:47,648 - tdm - DEBUG - FrontendConnectionHandler(id=140452457206992, session='2019-09-28T16_12_25_0').on_event(Event(FACTS, [{'predicate': 'select_contact', 'grammar_entry': 'John', 'value': 'contact_john'}, {'predicate': 'contact_lookup', 'grammar_entry': None, 'value': '0701234567'}], sender=DmeModule, reason=None))
2019-09-28 16:12:47,648 - tdm - DEBUG - FrontendConnectionHandler(id=140452457206992, session='2019-09-28T16_12_25_0'): writing {"content": [{"predicate": "select_contact", "grammar_entry": "John", "value": "contact_john"}, {"predicate": "contact_lookup", "grammar_entry": null, "value": "0701234567"}], "_sender": "DmeModule", "_reason": null, "event_type": "FACTS"}
2019-09-28 16:12:47,648 - tdm - DEBUG - FrontendConnectionHandler(id=140452457206992, session='2019-09-28T16_12_25_0'): OK
2019-09-28 16:12:47,649 - tdm - DEBUG - FrontendConnectionHandler(id=140452457206992, session='2019-09-28T16_12_25_0').on_event(Event(END_SYSTEM_TURN, {'passivity_duration': 1.0, 'system_has_asked_question': False}, sender=DmeModule, reason=None))
2019-09-28 16:12:47,649 - tdm - DEBUG - FrontendConnectionHandler(id=140452457206992, session='2019-09-28T16_12_25_0'): writing {"content": {"passivity_duration": 1.0, "system_has_asked_question": false}, "_sender": "DmeModule", "_reason": null, "event_type": "END_SYSTEM_TURN"}
2019-09-28 16:12:47,649 - tdm - DEBUG - FrontendConnectionHandler(id=140452457206992, session='2019-09-28T16_12_25_0'): OK
2019-09-28 16:12:47,649 - tdm - DEBUG - FrontendConnectionHandler(id=140452457206992, session='2019-09-28T16_12_25_0').on_event(Event(EXPECTED_PASSIVITY_DURATION, 1.0, sender=DmeModule, reason=None))
2019-09-28 16:12:47,649 - tdm - DEBUG - FrontendConnectionHandler(id=140452457206992, session='2019-09-28T16_12_25_0'): writing {"content": 1.0, "_sender": "DmeModule", "_reason": null, "event_type": "EXPECTED_PASSIVITY_DURATION"}
2019-09-28 16:12:47,650 - tdm - DEBUG - FrontendConnectionHandler(id=140452457206992, session='2019-09-28T16_12_25_0'): OK
2019-09-28 16:12:47,650 - tdm - DEBUG - FrontendConnectionHandler(id=140452457206992, session='2019-09-28T16_12_25_0').on_event(Event(SYSTEM_UTTERANCE_TO_SPEAK, ['It's 0701234567.'], sender=None, reason=None))
2019-09-28 16:12:47,650 - tdm - DEBUG - FrontendConnectionHandler(id=140452457206992, session='2019-09-28T16_12_25_0'): writing {"content": ["It's 0701234567."], "_sender": null, "_reason": null, "event_type": "SYSTEM_UTTERANCE_TO_SPEAK"}
2019-09-28 16:12:47,650 - tdm - DEBUG - FrontendConnectionHandler(id=140452457206992, session='2019-09-28T16_12_25_0'): OK
2019-09-28 16:12:47,651 - tdm - DEBUG - FrontendConnectionHandler(id=140452457206992, session='2019-09-28T16_12_25_0').on_event(Event(MESSAGE_TO_GUI, [Popup(It's 0701234567., elements=[])], sender=None, reason=None))
2019-09-28 16:12:47,651 - tdm - DEBUG - FrontendConnectionHandler(id=140452457206992, session='2019-09-28T16_12_25_0'): writing {"content": [{"Popup": {"elements": [], "title": "It's 0701234567."}}], "_sender": null, "_reason": null, "event_type": "MESSAGE_TO_GUI"}
2019-09-28 16:12:47,651 - tdm - DEBUG - FrontendConnectionHandler(id=140452457206992, session='2019-09-28T16_12_25_0'): OK
2019-09-28 16:12:47,651 - tdm - DEBUG - FrontendConnectionHandler(id=140452457206992, session='2019-09-28T16_12_25_0').on_event(Event(GUI.POPUP, {'options': [], 'title': 'It's 0701234567.'}, sender=None, reason=None))
2019-09-28 16:12:47,651 - tdm - DEBUG - FrontendConnectionHandler(id=140452457206992, session='2019-09-28T16_12_25_0'): writing {"content": {"options": [], "title": "It's 0701234567."}, "_sender": null, "_reason": null, "event_type": "GUI.POPUP"}
2019-09-28 16:12:47,652 - tdm - DEBUG - FrontendConnectionHandler(id=140452457206992, session='2019-09-28T16_12_25_0'): OK
2019-09-28 16:12:48,697 - tdm - DEBUG - FrontendConnectionHandler(id=140452457206992, session='2019-09-28T16_12_25_0').on_message({"content": null, "_sender": "Frontend", "_reason": null, "event_type": "PASSIVITY"})
2019-09-28 16:12:48,729 - tdm - DEBUG - FrontendConnectionHandler(id=140452457206992, session='2019-09-28T16_12_25_0').on_event(Event(FACTS, [], sender=DmeModule, reason=None))
2019-09-28 16:12:48,729 - tdm - DEBUG - FrontendConnectionHandler(id=140452457206992, session='2019-09-28T16_12_25_0'): writing {"content": [], "_sender": "DmeModule", "_reason": null, "event_type": "FACTS"}
2019-09-28 16:12:48,729 - tdm - DEBUG - FrontendConnectionHandler(id=140452457206992, session='2019-09-28T16_12_25_0'): OK
2019-09-28 16:12:48,729 - tdm - DEBUG - FrontendConnectionHandler(id=140452457206992, session='2019-09-28T16_12_25_0').on_event(Event(FACTS, [], sender=DmeModule, reason=None))
2019-09-28 16:12:48,730 - tdm - DEBUG - FrontendConnectionHandler(id=140452457206992, session='2019-09-28T16_12_25_0'): writing {"content": [], "_sender": "DmeModule", "_reason": null, "event_type": "FACTS"}
2019-09-28 16:12:48,730 - tdm - DEBUG - FrontendConnectionHandler(id=140452457206992, session='2019-09-28T16_12_25_0'): OK
2019-09-28 16:12:48,730 - tdm - DEBUG - FrontendConnectionHandler(id=140452457206992, session='2019-09-28T16_12_25_0').on_event(Event(END_SYSTEM_TURN, {'passivity_duration': None, 'system_has_asked_question': True}, sender=DmeModule, reason=None))
2019-09-28 16:12:48,730 - tdm - DEBUG - FrontendConnectionHandler(id=140452457206992, session='2019-09-28T16_12_25_0'): writing {"content": {"passivity_duration": null, "system_has_asked_question": true}, "_sender": "DmeModule", "_reason": null, "event_type": "END_SYSTEM_TURN"}
2019-09-28 16:12:48,730 - tdm - DEBUG - FrontendConnectionHandler(id=140452457206992, session='2019-09-28T16_12_25_0'): OK
2019-09-28 16:12:48,731 - tdm - DEBUG - FrontendConnectionHandler(id=140452457206992, session='2019-09-28T16_12_25_0').on_event(Event(SYSTEM_UTTERANCE_TO_SPEAK, ['Returning to main menu.', 'What would you like to do?'], sender=None, reason=None))
2019-09-28 16:12:48,731 - tdm - DEBUG - FrontendConnectionHandler(id=140452457206992, session='2019-09-28T16_12_25_0'): writing {"content": ["Returning to main menu.", "What would you like to do?"], "_sender": null, "_reason": null, "event_type": "SYSTEM_UTTERANCE_TO_SPEAK"}
2019-09-28 16:12:48,731 - tdm - DEBUG - FrontendConnectionHandler(id=140452457206992, session='2019-09-28T16_12_25_0'): OK
2019-09-28 16:12:48,731 - tdm - DEBUG - FrontendConnectionHandler(id=140452457206992, session='2019-09-28T16_12_25_0').on_event(Event(MESSAGE_TO_GUI, [ClosePopup()], sender=None, reason=None))
2019-09-28 16:12:48,732 - tdm - DEBUG - FrontendConnectionHandler(id=140452457206992, session='2019-09-28T16_12_25_0'): writing {"content": [{"ClosePopup": {}}], "_sender": null, "_reason": null, "event_type": "MESSAGE_TO_GUI"}
2019-09-28 16:12:48,732 - tdm - DEBUG - FrontendConnectionHandler(id=140452457206992, session='2019-09-28T16_12_25_0'): OK
2019-09-28 16:12:51,592 - tdm - DEBUG - FrontendConnectionHandler(id=140452457206992, session='2019-09-28T16_12_25_0').on_message({"content": [{"score": 1.0, "utterance": "john"}], "_sender": "TextInputComponent", "_reason": null, "event_type": "RECOGNITION"})
2019-09-28 16:12:51,654 - tdm - DEBUG - FrontendConnectionHandler(id=140452457206992, session='2019-09-28T16_12_25_0').on_event(Event(SELECTED_RECOGNITION, 'john', sender=DmeModule, reason=None))
2019-09-28 16:12:51,654 - tdm - DEBUG - FrontendConnectionHandler(id=140452457206992, session='2019-09-28T16_12_25_0'): writing {"content": "john", "_sender": "DmeModule", "_reason": null, "event_type": "SELECTED_RECOGNITION"}
2019-09-28 16:12:51,654 - tdm - DEBUG - FrontendConnectionHandler(id=140452457206992, session='2019-09-28T16_12_25_0'): OK
2019-09-28 16:12:51,654 - tdm - DEBUG - FrontendConnectionHandler(id=140452457206992, session='2019-09-28T16_12_25_0').on_event(Event(FACTS, [], sender=DmeModule, reason=None))
2019-09-28 16:12:51,654 - tdm - DEBUG - FrontendConnectionHandler(id=140452457206992, session='2019-09-28T16_12_25_0'): writing {"content": [], "_sender": "DmeModule", "_reason": null, "event_type": "FACTS"}
2019-09-28 16:12:51,654 - tdm - DEBUG - FrontendConnectionHandler(id=140452457206992, session='2019-09-28T16_12_25_0'): OK
2019-09-28 16:12:51,654 - tdm - DEBUG - FrontendConnectionHandler(id=140452457206992, session='2019-09-28T16_12_25_0').on_event(Event(FACTS, [], sender=DmeModule, reason=None))
2019-09-28 16:12:51,654 - tdm - DEBUG - FrontendConnectionHandler(id=140452457206992, session='2019-09-28T16_12_25_0'): writing {"content": [], "_sender": "DmeModule", "_reason": null, "event_type": "FACTS"}
2019-09-28 16:12:51,655 - tdm - DEBUG - FrontendConnectionHandler(id=140452457206992, session='2019-09-28T16_12_25_0'): OK
2019-09-28 16:12:51,655 - tdm - DEBUG - FrontendConnectionHandler(id=140452457206992, session='2019-09-28T16_12_25_0').on_event(Event(END_SYSTEM_TURN, {'passivity_duration': 5.0, 'system_has_asked_question': True}, sender=DmeModule, reason=None))
2019-09-28 16:12:51,655 - tdm - DEBUG - FrontendConnectionHandler(id=140452457206992, session='2019-09-28T16_12_25_0'): writing {"content": {"passivity_duration": 5.0, "system_has_asked_question": true}, "_sender": "DmeModule", "_reason": null, "event_type": "END_SYSTEM_TURN"}
2019-09-28 16:12:51,655 - tdm - DEBUG - FrontendConnectionHandler(id=140452457206992, session='2019-09-28T16_12_25_0'): OK
2019-09-28 16:12:51,655 - tdm - DEBUG - FrontendConnectionHandler(id=140452457206992, session='2019-09-28T16_12_25_0').on_event(Event(EXPECTED_PASSIVITY_DURATION, 5.0, sender=DmeModule, reason=None))
2019-09-28 16:12:51,655 - tdm - DEBUG - FrontendConnectionHandler(id=140452457206992, session='2019-09-28T16_12_25_0'): writing {"content": 5.0, "_sender": "DmeModule", "_reason": null, "event_type": "EXPECTED_PASSIVITY_DURATION"}
2019-09-28 16:12:51,656 - tdm - DEBUG - FrontendConnectionHandler(id=140452457206992, session='2019-09-28T16_12_25_0'): OK
2019-09-28 16:12:51,656 - tdm - DEBUG - FrontendConnectionHandler(id=140452457206992, session='2019-09-28T16_12_25_0').on_event(Event(SYSTEM_UTTERANCE_TO_SPEAK, ['', 'Do you want to make a call or know the contac'ts number?'], sender=None, reason=None))
2019-09-28 16:12:51,656 - tdm - DEBUG - FrontendConnectionHandler(id=140452457206992, session='2019-09-28T16_12_25_0'): writing {"content": ["", "Do you want to make a call or know the contac'ts number?"], "_sender": null, "_reason": null, "event_type": "SYSTEM_UTTERANCE_TO_SPEAK"}
2019-09-28 16:12:51,656 - tdm - DEBUG - FrontendConnectionHandler(id=140452457206992, session='2019-09-28T16_12_25_0'): OK
2019-09-28 16:12:51,657 - tdm - DEBUG - FrontendConnectionHandler(id=140452457206992, session='2019-09-28T16_12_25_0').on_event(Event(MESSAGE_TO_GUI, [Popup(?, elements=[<tdm.nlg.tdm_gui_protocol.Element instance at 0x7fbda04691b8>])], sender=None, reason=None))
2019-09-28 16:12:51,657 - tdm - DEBUG - FrontendConnectionHandler(id=140452457206992, session='2019-09-28T16_12_25_0'): writing {"content": [{"Popup": {"elements": [{"Element": {"name": "move", "title": "", "items": [{"Item": {"attributes": null, "selected": false, "predicted": false, "value": "request(make_call)", "title": "Make a call"}}, {"Item": {"attributes": null, "selected": false, "predicted": false, "value": "ask(?X.contact_lookup(X))", "title": "The contac'ts number?"}}], "format": "", "voice_browsed": false, "value": "", "template": "menu", "type": "list"}}], "title": "?"}}], "_sender": null, "_reason": null, "event_type": "MESSAGE_TO_GUI"}
2019-09-28 16:12:51,657 - tdm - DEBUG - FrontendConnectionHandler(id=140452457206992, session='2019-09-28T16_12_25_0'): OK
2019-09-28 16:12:51,658 - tdm - DEBUG - FrontendConnectionHandler(id=140452457206992, session='2019-09-28T16_12_25_0').on_event(Event(GUI.POPUP, {'options': [{'value': 'request(make_call)', 'title': 'Make a call'}, {'value': 'ask(?X.contact_lookup(X))', 'title': 'The contac'ts number?'}], 'title': '?'}, sender=None, reason=None))
2019-09-28 16:12:51,658 - tdm - DEBUG - FrontendConnectionHandler(id=140452457206992, session='2019-09-28T16_12_25_0'): writing {"content": {"options": [{"value": "request(make_call)", "title": "Make a call"}, {"value": "ask(?X.contact_lookup(X))", "title": "The contac'ts number?"}], "title": "?"}, "_sender": null, "_reason": null, "event_type": "GUI.POPUP"}
2019-09-28 16:12:51,658 - tdm - DEBUG - FrontendConnectionHandler(id=140452457206992, session='2019-09-28T16_12_25_0'): OK
2019-09-28 16:12:53,039 - tdm - DEBUG - FrontendConnectionHandler(id=140452457206992, session='2019-09-28T16_12_25_0').on_message({"content": [{"score": 1.0, "utterance": "call"}], "_sender": "TextInputComponent", "_reason": null, "event_type": "RECOGNITION"})
2019-09-28 16:12:53,078 - tdm - DEBUG - DeviceHandler.is_valid_parameter(select_contact(contact_john), {}, eng)
2019-09-28 16:12:53,078 - tdm - DEBUG - DeviceHandler invocation ID: 3ebdb1aae4903b0cff6df51212cf2a28
2019-09-28 16:12:53,079 - tdm - DEBUG - DeviceHandler.is_valid_parameter(select_contact(contact_john), {}, eng)
2019-09-28 16:12:53,079 - tdm - DEBUG - DeviceHandler invocation ID: 354be99e970ab334fbec0216847a6c9a
2019-09-28 16:12:53,083 - tdm - DEBUG - DeviceHandler.is_valid_parameter(select_contact(contact_john), {}, eng)
2019-09-28 16:12:53,083 - tdm - DEBUG - DeviceHandler invocation ID: 7eae26706fb0f705ce53725523f59431
2019-09-28 16:12:53,095 - tdm - DEBUG - DeviceHandler.query_all(?X.select_number(X), {select_contact(contact_john), resolved(?X.select_contact(X))}, eng)
2019-09-28 16:12:53,095 - tdm - DEBUG - DeviceHandler.query_all(?X.select_number(X), {select_contact(contact_john), resolved(?X.select_contact(X))}, eng)
2019-09-28 16:12:53,098 - tdm - DEBUG - DeviceHandler.query_all(?X.select_number(X), {select_contact(contact_john), resolved(?X.select_contact(X))}, eng)
2019-09-28 16:12:53,098 - tdm - DEBUG - DeviceHandler.query_all(?X.select_number(X), {select_contact(contact_john), resolved(?X.select_contact(X))}, eng)
2019-09-28 16:12:53,138 - tdm - DEBUG - DeviceHandler.query_all(?X.select_number(X), {select_contact(contact_john), resolved(?X.select_contact(X))}, eng)
2019-09-28 16:12:53,140 - tdm - DEBUG - DeviceHandler.query_all(?X.select_number(X), {select_contact(contact_john), resolved(?X.select_contact(X))}, eng)
2019-09-28 16:12:53,149 - tdm - DEBUG - FrontendConnectionHandler(id=140452457206992, session='2019-09-28T16_12_25_0').on_event(Event(SELECTED_RECOGNITION, 'call', sender=DmeModule, reason=None))
2019-09-28 16:12:53,149 - tdm - DEBUG - FrontendConnectionHandler(id=140452457206992, session='2019-09-28T16_12_25_0'): writing {"content": "call", "_sender": "DmeModule", "_reason": null, "event_type": "SELECTED_RECOGNITION"}
2019-09-28 16:12:53,149 - tdm - DEBUG - FrontendConnectionHandler(id=140452457206992, session='2019-09-28T16_12_25_0'): OK
2019-09-28 16:12:53,150 - tdm - DEBUG - FrontendConnectionHandler(id=140452457206992, session='2019-09-28T16_12_25_0').on_event(Event(FACTS, [{'predicate': 'select_contact', 'grammar_entry': 'John', 'value': 'contact_john'}], sender=DmeModule, reason=None))
2019-09-28 16:12:53,150 - tdm - DEBUG - FrontendConnectionHandler(id=140452457206992, session='2019-09-28T16_12_25_0'): writing {"content": [{"predicate": "select_contact", "grammar_entry": "John", "value": "contact_john"}], "_sender": "DmeModule", "_reason": null, "event_type": "FACTS"}
2019-09-28 16:12:53,150 - tdm - DEBUG - FrontendConnectionHandler(id=140452457206992, session='2019-09-28T16_12_25_0'): OK
2019-09-28 16:12:53,151 - tdm - DEBUG - FrontendConnectionHandler(id=140452457206992, session='2019-09-28T16_12_25_0').on_event(Event(FACTS, [{'predicate': 'select_contact', 'grammar_entry': 'John', 'value': 'contact_john'}], sender=DmeModule, reason=None))
2019-09-28 16:12:53,151 - tdm - DEBUG - FrontendConnectionHandler(id=140452457206992, session='2019-09-28T16_12_25_0'): writing {"content": [{"predicate": "select_contact", "grammar_entry": "John", "value": "contact_john"}], "_sender": "DmeModule", "_reason": null, "event_type": "FACTS"}
2019-09-28 16:12:53,151 - tdm - DEBUG - FrontendConnectionHandler(id=140452457206992, session='2019-09-28T16_12_25_0'): OK
2019-09-28 16:12:53,151 - tdm - DEBUG - FrontendConnectionHandler(id=140452457206992, session='2019-09-28T16_12_25_0').on_event(Event(END_SYSTEM_TURN, {'passivity_duration': 5.0, 'system_has_asked_question': True}, sender=DmeModule, reason=None))
2019-09-28 16:12:53,152 - tdm - DEBUG - FrontendConnectionHandler(id=140452457206992, session='2019-09-28T16_12_25_0'): writing {"content": {"passivity_duration": 5.0, "system_has_asked_question": true}, "_sender": "DmeModule", "_reason": null, "event_type": "END_SYSTEM_TURN"}
2019-09-28 16:12:53,152 - tdm - DEBUG - FrontendConnectionHandler(id=140452457206992, session='2019-09-28T16_12_25_0'): OK
2019-09-28 16:12:53,152 - tdm - DEBUG - FrontendConnectionHandler(id=140452457206992, session='2019-09-28T16_12_25_0').on_event(Event(EXPECTED_PASSIVITY_DURATION, 5.0, sender=DmeModule, reason=None))
2019-09-28 16:12:53,152 - tdm - DEBUG - FrontendConnectionHandler(id=140452457206992, session='2019-09-28T16_12_25_0'): writing {"content": 5.0, "_sender": "DmeModule", "_reason": null, "event_type": "EXPECTED_PASSIVITY_DURATION"}
2019-09-28 16:12:53,152 - tdm - DEBUG - FrontendConnectionHandler(id=140452457206992, session='2019-09-28T16_12_25_0'): OK
2019-09-28 16:12:53,152 - tdm - DEBUG - FrontendConnectionHandler(id=140452457206992, session='2019-09-28T16_12_25_0').on_event(Event(SYSTEM_UTTERANCE_TO_SPEAK, ['', '', 'Which phone?'], sender=None, reason=None))
2019-09-28 16:12:53,153 - tdm - DEBUG - FrontendConnectionHandler(id=140452457206992, session='2019-09-28T16_12_25_0'): writing {"content": ["", "", "Which phone?"], "_sender": null, "_reason": null, "event_type": "SYSTEM_UTTERANCE_TO_SPEAK"}
2019-09-28 16:12:53,153 - tdm - DEBUG - FrontendConnectionHandler(id=140452457206992, session='2019-09-28T16_12_25_0'): OK
2019-09-28 16:12:53,153 - tdm - DEBUG - FrontendConnectionHandler(id=140452457206992, session='2019-09-28T16_12_25_0').on_event(Event(MESSAGE_TO_GUI, [ClosePopup()], sender=None, reason=None))
2019-09-28 16:12:53,153 - tdm - DEBUG - FrontendConnectionHandler(id=140452457206992, session='2019-09-28T16_12_25_0'): writing {"content": [{"ClosePopup": {}}], "_sender": null, "_reason": null, "event_type": "MESSAGE_TO_GUI"}
2019-09-28 16:12:53,154 - tdm - DEBUG - FrontendConnectionHandler(id=140452457206992, session='2019-09-28T16_12_25_0'): OK
2019-09-28 16:12:55,416 - tdm - DEBUG - FrontendConnectionHandler(id=140452457206992, session='2019-09-28T16_12_25_0').on_message({"content": [{"score": 1.0, "utterance": "work"}], "_sender": "TextInputComponent", "_reason": null, "event_type": "RECOGNITION"})
2019-09-28 16:12:55,424 - tdm - DEBUG - DeviceHandler.query_all(?X.select_number(X), {select_contact(contact_john), resolved(?X.select_contact(X))}, eng)
2019-09-28 16:12:55,432 - tdm - DEBUG - DeviceHandler.is_valid_parameter(select_number(work), {select_contact(contact_john), resolved(?X.select_contact(X))}, eng)
2019-09-28 16:12:55,432 - tdm - DEBUG - DeviceHandler invocation ID: b01981f9e49a915cbd54d96d5665a656
2019-09-28 16:12:55,438 - tdm - DEBUG - DeviceHandler.perform(MakeCall, {select_contact(contact_john), resolved(?X.select_contact(X)), select_number(work), resolved(?X.select_number(X))}, eng)
2019-09-28 16:12:55,438 - tdm - DEBUG - DeviceHandler invocation ID: dc129fcc3c5d027150c742711339266f
2019-09-28 16:12:55,472 - tdm - DEBUG - FrontendConnectionHandler(id=140452457206992, session='2019-09-28T16_12_25_0').on_event(Event(SELECTED_RECOGNITION, 'work', sender=DmeModule, reason=None))
2019-09-28 16:12:55,472 - tdm - DEBUG - FrontendConnectionHandler(id=140452457206992, session='2019-09-28T16_12_25_0'): writing {"content": "work", "_sender": "DmeModule", "_reason": null, "event_type": "SELECTED_RECOGNITION"}
2019-09-28 16:12:55,473 - tdm - DEBUG - FrontendConnectionHandler(id=140452457206992, session='2019-09-28T16_12_25_0'): OK
2019-09-28 16:12:55,473 - tdm - DEBUG - FrontendConnectionHandler(id=140452457206992, session='2019-09-28T16_12_25_0').on_event(Event(FACTS, [{'predicate': 'select_contact', 'grammar_entry': 'John', 'value': 'contact_john'}, {'predicate': 'select_number', 'grammar_entry': 'work', 'value': 'work'}], sender=DmeModule, reason=None))
2019-09-28 16:12:55,473 - tdm - DEBUG - FrontendConnectionHandler(id=140452457206992, session='2019-09-28T16_12_25_0'): writing {"content": [{"predicate": "select_contact", "grammar_entry": "John", "value": "contact_john"}, {"predicate": "select_number", "grammar_entry": "work", "value": "work"}], "_sender": "DmeModule", "_reason": null, "event_type": "FACTS"}
2019-09-28 16:12:55,473 - tdm - DEBUG - FrontendConnectionHandler(id=140452457206992, session='2019-09-28T16_12_25_0'): OK
2019-09-28 16:12:55,473 - tdm - DEBUG - FrontendConnectionHandler(id=140452457206992, session='2019-09-28T16_12_25_0').on_event(Event(FACTS, [{'predicate': 'select_contact', 'grammar_entry': 'John', 'value': 'contact_john'}, {'predicate': 'select_number', 'grammar_entry': 'work', 'value': 'work'}], sender=DmeModule, reason=None))
2019-09-28 16:12:55,473 - tdm - DEBUG - FrontendConnectionHandler(id=140452457206992, session='2019-09-28T16_12_25_0'): writing {"content": [{"predicate": "select_contact", "grammar_entry": "John", "value": "contact_john"}, {"predicate": "select_number", "grammar_entry": "work", "value": "work"}], "_sender": "DmeModule", "_reason": null, "event_type": "FACTS"}
2019-09-28 16:12:55,474 - tdm - DEBUG - FrontendConnectionHandler(id=140452457206992, session='2019-09-28T16_12_25_0'): OK
2019-09-28 16:12:55,474 - tdm - DEBUG - FrontendConnectionHandler(id=140452457206992, session='2019-09-28T16_12_25_0').on_event(Event(END_SYSTEM_TURN, {'passivity_duration': 1.0, 'system_has_asked_question': False}, sender=DmeModule, reason=None))
2019-09-28 16:12:55,474 - tdm - DEBUG - FrontendConnectionHandler(id=140452457206992, session='2019-09-28T16_12_25_0'): writing {"content": {"passivity_duration": 1.0, "system_has_asked_question": false}, "_sender": "DmeModule", "_reason": null, "event_type": "END_SYSTEM_TURN"}
2019-09-28 16:12:55,474 - tdm - DEBUG - FrontendConnectionHandler(id=140452457206992, session='2019-09-28T16_12_25_0'): OK
2019-09-28 16:12:55,474 - tdm - DEBUG - FrontendConnectionHandler(id=140452457206992, session='2019-09-28T16_12_25_0').on_event(Event(EXPECTED_PASSIVITY_DURATION, 1.0, sender=DmeModule, reason=None))
2019-09-28 16:12:55,474 - tdm - DEBUG - FrontendConnectionHandler(id=140452457206992, session='2019-09-28T16_12_25_0'): writing {"content": 1.0, "_sender": "DmeModule", "_reason": null, "event_type": "EXPECTED_PASSIVITY_DURATION"}
2019-09-28 16:12:55,475 - tdm - DEBUG - FrontendConnectionHandler(id=140452457206992, session='2019-09-28T16_12_25_0'): OK
2019-09-28 16:12:55,475 - tdm - DEBUG - FrontendConnectionHandler(id=140452457206992, session='2019-09-28T16_12_25_0').on_event(Event(SYSTEM_UTTERANCE_TO_SPEAK, ['', 'Calling John's work'], sender=None, reason=None))
2019-09-28 16:12:55,475 - tdm - DEBUG - FrontendConnectionHandler(id=140452457206992, session='2019-09-28T16_12_25_0'): writing {"content": ["", "Calling John's work"], "_sender": null, "_reason": null, "event_type": "SYSTEM_UTTERANCE_TO_SPEAK"}
2019-09-28 16:12:55,475 - tdm - DEBUG - FrontendConnectionHandler(id=140452457206992, session='2019-09-28T16_12_25_0'): OK
2019-09-28 16:12:55,475 - tdm - DEBUG - FrontendConnectionHandler(id=140452457206992, session='2019-09-28T16_12_25_0').on_event(Event(MESSAGE_TO_GUI, [Popup(Calling John's work, elements=[])], sender=None, reason=None))
2019-09-28 16:12:55,476 - tdm - DEBUG - FrontendConnectionHandler(id=140452457206992, session='2019-09-28T16_12_25_0'): writing {"content": [{"Popup": {"elements": [], "title": "Calling John's work"}}], "_sender": null, "_reason": null, "event_type": "MESSAGE_TO_GUI"}
2019-09-28 16:12:55,476 - tdm - DEBUG - FrontendConnectionHandler(id=140452457206992, session='2019-09-28T16_12_25_0'): OK
2019-09-28 16:12:55,476 - tdm - DEBUG - FrontendConnectionHandler(id=140452457206992, session='2019-09-28T16_12_25_0').on_event(Event(GUI.POPUP, {'options': [], 'title': 'Calling John's work'}, sender=None, reason=None))
2019-09-28 16:12:55,476 - tdm - DEBUG - FrontendConnectionHandler(id=140452457206992, session='2019-09-28T16_12_25_0'): writing {"content": {"options": [], "title": "Calling John's work"}, "_sender": null, "_reason": null, "event_type": "GUI.POPUP"}
2019-09-28 16:12:55,476 - tdm - DEBUG - FrontendConnectionHandler(id=140452457206992, session='2019-09-28T16_12_25_0'): OK
2019-09-28 16:12:56,499 - tdm - DEBUG - FrontendConnectionHandler(id=140452457206992, session='2019-09-28T16_12_25_0').on_message({"content": null, "_sender": "Frontend", "_reason": null, "event_type": "PASSIVITY"})
2019-09-28 16:12:56,535 - tdm - DEBUG - FrontendConnectionHandler(id=140452457206992, session='2019-09-28T16_12_25_0').on_event(Event(FACTS, [], sender=DmeModule, reason=None))
2019-09-28 16:12:56,535 - tdm - DEBUG - FrontendConnectionHandler(id=140452457206992, session='2019-09-28T16_12_25_0'): writing {"content": [], "_sender": "DmeModule", "_reason": null, "event_type": "FACTS"}
2019-09-28 16:12:56,535 - tdm - DEBUG - FrontendConnectionHandler(id=140452457206992, session='2019-09-28T16_12_25_0'): OK
2019-09-28 16:12:56,535 - tdm - DEBUG - FrontendConnectionHandler(id=140452457206992, session='2019-09-28T16_12_25_0').on_event(Event(FACTS, [], sender=DmeModule, reason=None))
2019-09-28 16:12:56,535 - tdm - DEBUG - FrontendConnectionHandler(id=140452457206992, session='2019-09-28T16_12_25_0'): writing {"content": [], "_sender": "DmeModule", "_reason": null, "event_type": "FACTS"}
2019-09-28 16:12:56,535 - tdm - DEBUG - FrontendConnectionHandler(id=140452457206992, session='2019-09-28T16_12_25_0'): OK
2019-09-28 16:12:56,535 - tdm - DEBUG - FrontendConnectionHandler(id=140452457206992, session='2019-09-28T16_12_25_0').on_event(Event(END_SYSTEM_TURN, {'passivity_duration': None, 'system_has_asked_question': True}, sender=DmeModule, reason=None))
2019-09-28 16:12:56,536 - tdm - DEBUG - FrontendConnectionHandler(id=140452457206992, session='2019-09-28T16_12_25_0'): writing {"content": {"passivity_duration": null, "system_has_asked_question": true}, "_sender": "DmeModule", "_reason": null, "event_type": "END_SYSTEM_TURN"}
2019-09-28 16:12:56,536 - tdm - DEBUG - FrontendConnectionHandler(id=140452457206992, session='2019-09-28T16_12_25_0'): OK
2019-09-28 16:12:56,536 - tdm - DEBUG - FrontendConnectionHandler(id=140452457206992, session='2019-09-28T16_12_25_0').on_event(Event(SYSTEM_UTTERANCE_TO_SPEAK, ['Returning to main menu.', 'What would you like to do?'], sender=None, reason=None))
2019-09-28 16:12:56,536 - tdm - DEBUG - FrontendConnectionHandler(id=140452457206992, session='2019-09-28T16_12_25_0'): writing {"content": ["Returning to main menu.", "What would you like to do?"], "_sender": null, "_reason": null, "event_type": "SYSTEM_UTTERANCE_TO_SPEAK"}
2019-09-28 16:12:56,536 - tdm - DEBUG - FrontendConnectionHandler(id=140452457206992, session='2019-09-28T16_12_25_0'): OK
2019-09-28 16:12:56,537 - tdm - DEBUG - FrontendConnectionHandler(id=140452457206992, session='2019-09-28T16_12_25_0').on_event(Event(MESSAGE_TO_GUI, [ClosePopup()], sender=None, reason=None))
2019-09-28 16:12:56,537 - tdm - DEBUG - FrontendConnectionHandler(id=140452457206992, session='2019-09-28T16_12_25_0'): writing {"content": [{"ClosePopup": {}}], "_sender": null, "_reason": null, "event_type": "MESSAGE_TO_GUI"}
2019-09-28 16:12:56,537 - tdm - DEBUG - FrontendConnectionHandler(id=140452457206992, session='2019-09-28T16_12_25_0'): OK
2019-09-28 16:14:50,471 - tdm - DEBUG - FrontendConnectionHandler(id=140452457206992, session='2019-09-28T16_12_25_0').on_close()
2019-09-28 16:14:50,471 - tdm - DEBUG - SessionManager.stop('2019-09-28T16_12_25_0')
2019-09-28 16:14:50,471 - tdm - DEBUG - TdmApplication.stop(): Stopping HTTP server
2019-09-28 16:14:50,472 - tdm - DEBUG - TdmApplication.stop(): Stopping IO-loop
2019-09-28 16:14:50,472 - tdm - DEBUG - TdmApplication.stop(): Stopping sessions []
