2019-09-28 16:09:39,920 - tdm - DEBUG - EntityDb(call_john): add_entity(sort=u'contact_name', grammar_entry='Andy', name=u'contact_andy')
2019-09-28 16:09:39,920 - tdm - DEBUG - EntityDb(call_john): add_entity returns u'contact_andy'
2019-09-28 16:09:39,920 - tdm - DEBUG - EntityDb(call_john): add_entity(sort=u'contact_name', grammar_entry="Andy's", name=u'contact_andy')
2019-09-28 16:09:39,920 - tdm - DEBUG - EntityDb(call_john): add_entity returns u'contact_andy'
2019-09-28 16:09:39,920 - tdm - DEBUG - EntityDb(call_john): add_entity(sort=u'number_type', grammar_entry='mobile', name=u'mobile')
2019-09-28 16:09:39,920 - tdm - DEBUG - EntityDb(call_john): add_entity returns u'mobile'
2019-09-28 16:09:39,920 - tdm - DEBUG - EntityDb(call_john): add_entity(sort=u'number_type', grammar_entry='mobile phone', name=u'mobile')
2019-09-28 16:09:39,921 - tdm - DEBUG - EntityDb(call_john): add_entity returns u'mobile'
2019-09-28 16:09:39,921 - tdm - DEBUG - EntityDb(call_john): add_entity(sort=u'number_type', grammar_entry='mobile number', name=u'mobile')
2019-09-28 16:09:39,921 - tdm - DEBUG - EntityDb(call_john): add_entity returns u'mobile'
2019-09-28 16:09:39,921 - tdm - DEBUG - EntityDb(call_john): add_entity(sort=u'contact_name', grammar_entry='Mary', name=u'contact_mary')
2019-09-28 16:09:39,921 - tdm - DEBUG - EntityDb(call_john): add_entity returns u'contact_mary'
2019-09-28 16:09:39,921 - tdm - DEBUG - EntityDb(call_john): add_entity(sort=u'contact_name', grammar_entry="Mary's", name=u'contact_mary')
2019-09-28 16:09:39,921 - tdm - DEBUG - EntityDb(call_john): add_entity returns u'contact_mary'
2019-09-28 16:09:39,921 - tdm - DEBUG - EntityDb(call_john): add_entity(sort=u'number_type', grammar_entry='work', name=u'work')
2019-09-28 16:09:39,921 - tdm - DEBUG - EntityDb(call_john): add_entity returns u'work'
2019-09-28 16:09:39,921 - tdm - DEBUG - EntityDb(call_john): add_entity(sort=u'number_type', grammar_entry='work phone', name=u'work')
2019-09-28 16:09:39,921 - tdm - DEBUG - EntityDb(call_john): add_entity returns u'work'
2019-09-28 16:09:39,921 - tdm - DEBUG - EntityDb(call_john): add_entity(sort=u'number_type', grammar_entry='work number', name=u'work')
2019-09-28 16:09:39,921 - tdm - DEBUG - EntityDb(call_john): add_entity returns u'work'
2019-09-28 16:09:39,921 - tdm - DEBUG - EntityDb(call_john): add_entity(sort=u'contact_name', grammar_entry='John', name=u'contact_john')
2019-09-28 16:09:39,921 - tdm - DEBUG - EntityDb(call_john): add_entity returns u'contact_john'
2019-09-28 16:09:39,921 - tdm - DEBUG - EntityDb(call_john): add_entity(sort=u'contact_name', grammar_entry="John's", name=u'contact_john')
2019-09-28 16:09:39,921 - tdm - DEBUG - EntityDb(call_john): add_entity returns u'contact_john'
2019-09-28 16:09:39,922 - tdm - DEBUG - EntityDb(call_john): add_entity(sort=u'number_type', grammar_entry='home', name=u'home')
2019-09-28 16:09:39,922 - tdm - DEBUG - EntityDb(call_john): add_entity returns u'home'
2019-09-28 16:09:39,922 - tdm - DEBUG - EntityDb(call_john): add_entity(sort=u'number_type', grammar_entry='home phone', name=u'home')
2019-09-28 16:09:39,922 - tdm - DEBUG - EntityDb(call_john): add_entity returns u'home'
2019-09-28 16:09:39,922 - tdm - DEBUG - EntityDb(call_john): add_entity(sort=u'number_type', grammar_entry='home number', name=u'home')
2019-09-28 16:09:39,922 - tdm - DEBUG - EntityDb(call_john): add_entity returns u'home'
2019-09-28 16:09:39,922 - tdm - DEBUG - DddDb().__init__(name='ddds', default_ddds=[u'call_john'])
2019-09-28 16:09:39,923 - tdm - DEBUG - DddDb(): DB file name is '/home/gusroberth@GU.GU.SE/repos/semester-3/dialogue-systems-2/lab2/call_john_ddd_2019/ddds.json'
2019-09-28 16:09:39,937 - tdm - DEBUG - FrontendConnectionHandler(id=139983357396304, session=None).open()
2019-09-28 16:09:39,939 - tdm - DEBUG - FrontendConnectionHandler(id=139983357396304, session=None).on_message({"handshake_content": {"session_id": null, "keep_session_alive": false}, "name": "Frontend"})
2019-09-28 16:09:39,939 - tdm - DEBUG - FrontendConnectionHandler(id=139983357396304, session=None)._register({"handshake_content": {"session_id": null, "keep_session_alive": false}, "name": "Frontend"})
2019-09-28 16:09:39,940 - tdm - DEBUG - thread_manager.create_thread() with threading.active_count()=3
2019-09-28 16:09:39,940 - tdm - DEBUG - thread_manager.create_thread() with threading.active_count()=4
2019-09-28 16:09:39,942 - tdm - DEBUG - Creating backend and session with id 2019-09-28T16_09_39_0.
2019-09-28 16:09:39,945 - tdm - DEBUG - FrontendConnectionHandler(id=139983357396304, session='2019-09-28T16_09_39_0'): writing {"content": "2019-09-28T16_09_39_0", "_sender": null, "_reason": null, "event_type": "SESSION_ID"}
2019-09-28 16:09:39,945 - tdm - DEBUG - FrontendConnectionHandler(id=139983357396304, session='2019-09-28T16_09_39_0'): OK
2019-09-28 16:09:39,945 - tdm - DEBUG - FrontendConnectionHandler._register: Registered in session 2019-09-28T16_09_39_0 with backend <tdm.backend.Backend object at 0x7f506a4d6850>.
2019-09-28 16:09:39,945 - tdm - DEBUG - FrontendConnectionHandler(id=139983357396304, session='2019-09-28T16_09_39_0').on_message({"content": null, "_sender": "Frontend", "_reason": null, "event_type": "START"})
2019-09-28 16:09:39,974 - tdm - DEBUG - FrontendConnectionHandler(id=139983357396304, session='2019-09-28T16_09_39_0').on_event(Event(SET_DDD, {'ddd_name': 'call_john', 'language_code': 'eng'}, sender=DmeModule, reason=None))
2019-09-28 16:09:39,974 - tdm - DEBUG - FrontendConnectionHandler(id=139983357396304, session='2019-09-28T16_09_39_0'): writing {"content": {"ddd_name": "call_john", "language_code": "eng"}, "_sender": "DmeModule", "_reason": null, "event_type": "SET_DDD"}
2019-09-28 16:09:39,974 - tdm - DEBUG - FrontendConnectionHandler(id=139983357396304, session='2019-09-28T16_09_39_0'): OK
2019-09-28 16:09:39,974 - tdm - DEBUG - FrontendConnectionHandler(id=139983357396304, session='2019-09-28T16_09_39_0').on_event(Event(FACTS, [], sender=DmeModule, reason=None))
2019-09-28 16:09:39,974 - tdm - DEBUG - FrontendConnectionHandler(id=139983357396304, session='2019-09-28T16_09_39_0'): writing {"content": [], "_sender": "DmeModule", "_reason": null, "event_type": "FACTS"}
2019-09-28 16:09:39,974 - tdm - DEBUG - FrontendConnectionHandler(id=139983357396304, session='2019-09-28T16_09_39_0'): OK
2019-09-28 16:09:39,975 - tdm - DEBUG - FrontendConnectionHandler(id=139983357396304, session='2019-09-28T16_09_39_0').on_event(Event(FACTS, [], sender=DmeModule, reason=None))
2019-09-28 16:09:39,975 - tdm - DEBUG - FrontendConnectionHandler(id=139983357396304, session='2019-09-28T16_09_39_0'): writing {"content": [], "_sender": "DmeModule", "_reason": null, "event_type": "FACTS"}
2019-09-28 16:09:39,975 - tdm - DEBUG - FrontendConnectionHandler(id=139983357396304, session='2019-09-28T16_09_39_0'): OK
2019-09-28 16:09:39,975 - tdm - DEBUG - FrontendConnectionHandler(id=139983357396304, session='2019-09-28T16_09_39_0').on_event(Event(END_SYSTEM_TURN, {'passivity_duration': 5.0, 'system_has_asked_question': True}, sender=DmeModule, reason=None))
2019-09-28 16:09:39,975 - tdm - DEBUG - FrontendConnectionHandler(id=139983357396304, session='2019-09-28T16_09_39_0'): writing {"content": {"passivity_duration": 5.0, "system_has_asked_question": true}, "_sender": "DmeModule", "_reason": null, "event_type": "END_SYSTEM_TURN"}
2019-09-28 16:09:39,975 - tdm - DEBUG - FrontendConnectionHandler(id=139983357396304, session='2019-09-28T16_09_39_0'): OK
2019-09-28 16:09:39,975 - tdm - DEBUG - FrontendConnectionHandler(id=139983357396304, session='2019-09-28T16_09_39_0').on_event(Event(EXPECTED_PASSIVITY_DURATION, 5.0, sender=DmeModule, reason=None))
2019-09-28 16:09:39,976 - tdm - DEBUG - FrontendConnectionHandler(id=139983357396304, session='2019-09-28T16_09_39_0'): writing {"content": 5.0, "_sender": "DmeModule", "_reason": null, "event_type": "EXPECTED_PASSIVITY_DURATION"}
2019-09-28 16:09:39,976 - tdm - DEBUG - FrontendConnectionHandler(id=139983357396304, session='2019-09-28T16_09_39_0'): OK
2019-09-28 16:09:39,976 - tdm - DEBUG - FrontendConnectionHandler(id=139983357396304, session='2019-09-28T16_09_39_0').on_event(Event(SYSTEM_UTTERANCE_TO_SPEAK, ['', 'What would you like to do?'], sender=None, reason=None))
2019-09-28 16:09:39,976 - tdm - DEBUG - FrontendConnectionHandler(id=139983357396304, session='2019-09-28T16_09_39_0'): writing {"content": ["", "What would you like to do?"], "_sender": null, "_reason": null, "event_type": "SYSTEM_UTTERANCE_TO_SPEAK"}
2019-09-28 16:09:39,976 - tdm - DEBUG - FrontendConnectionHandler(id=139983357396304, session='2019-09-28T16_09_39_0'): OK
2019-09-28 16:09:39,976 - tdm - DEBUG - FrontendConnectionHandler(id=139983357396304, session='2019-09-28T16_09_39_0').on_event(Event(MESSAGE_TO_GUI, [], sender=None, reason=None))
2019-09-28 16:09:39,976 - tdm - DEBUG - FrontendConnectionHandler(id=139983357396304, session='2019-09-28T16_09_39_0'): writing {"content": [], "_sender": null, "_reason": null, "event_type": "MESSAGE_TO_GUI"}
2019-09-28 16:09:39,976 - tdm - DEBUG - FrontendConnectionHandler(id=139983357396304, session='2019-09-28T16_09_39_0'): OK
2019-09-28 16:09:41,657 - tdm - DEBUG - FrontendConnectionHandler(id=139983357396304, session='2019-09-28T16_09_39_0').on_message({"content": [{"score": 1.0, "utterance": "john"}], "_sender": "TextInputComponent", "_reason": null, "event_type": "RECOGNITION"})
2019-09-28 16:09:41,703 - tdm - DEBUG - FrontendConnectionHandler(id=139983357396304, session='2019-09-28T16_09_39_0').on_event(Event(SELECTED_RECOGNITION, 'john', sender=DmeModule, reason=None))
2019-09-28 16:09:41,703 - tdm - DEBUG - FrontendConnectionHandler(id=139983357396304, session='2019-09-28T16_09_39_0'): writing {"content": "john", "_sender": "DmeModule", "_reason": null, "event_type": "SELECTED_RECOGNITION"}
2019-09-28 16:09:41,703 - tdm - DEBUG - FrontendConnectionHandler(id=139983357396304, session='2019-09-28T16_09_39_0'): OK
2019-09-28 16:09:41,703 - tdm - DEBUG - FrontendConnectionHandler(id=139983357396304, session='2019-09-28T16_09_39_0').on_event(Event(FACTS, [], sender=DmeModule, reason=None))
2019-09-28 16:09:41,703 - tdm - DEBUG - FrontendConnectionHandler(id=139983357396304, session='2019-09-28T16_09_39_0'): writing {"content": [], "_sender": "DmeModule", "_reason": null, "event_type": "FACTS"}
2019-09-28 16:09:41,703 - tdm - DEBUG - FrontendConnectionHandler(id=139983357396304, session='2019-09-28T16_09_39_0'): OK
2019-09-28 16:09:41,703 - tdm - DEBUG - FrontendConnectionHandler(id=139983357396304, session='2019-09-28T16_09_39_0').on_event(Event(FACTS, [], sender=DmeModule, reason=None))
2019-09-28 16:09:41,704 - tdm - DEBUG - FrontendConnectionHandler(id=139983357396304, session='2019-09-28T16_09_39_0'): writing {"content": [], "_sender": "DmeModule", "_reason": null, "event_type": "FACTS"}
2019-09-28 16:09:41,704 - tdm - DEBUG - FrontendConnectionHandler(id=139983357396304, session='2019-09-28T16_09_39_0'): OK
2019-09-28 16:09:41,704 - tdm - DEBUG - FrontendConnectionHandler(id=139983357396304, session='2019-09-28T16_09_39_0').on_event(Event(END_SYSTEM_TURN, {'passivity_duration': 5.0, 'system_has_asked_question': True}, sender=DmeModule, reason=None))
2019-09-28 16:09:41,704 - tdm - DEBUG - FrontendConnectionHandler(id=139983357396304, session='2019-09-28T16_09_39_0'): writing {"content": {"passivity_duration": 5.0, "system_has_asked_question": true}, "_sender": "DmeModule", "_reason": null, "event_type": "END_SYSTEM_TURN"}
2019-09-28 16:09:41,704 - tdm - DEBUG - FrontendConnectionHandler(id=139983357396304, session='2019-09-28T16_09_39_0'): OK
2019-09-28 16:09:41,704 - tdm - DEBUG - FrontendConnectionHandler(id=139983357396304, session='2019-09-28T16_09_39_0').on_event(Event(EXPECTED_PASSIVITY_DURATION, 5.0, sender=DmeModule, reason=None))
2019-09-28 16:09:41,705 - tdm - DEBUG - FrontendConnectionHandler(id=139983357396304, session='2019-09-28T16_09_39_0'): writing {"content": 5.0, "_sender": "DmeModule", "_reason": null, "event_type": "EXPECTED_PASSIVITY_DURATION"}
2019-09-28 16:09:41,705 - tdm - DEBUG - FrontendConnectionHandler(id=139983357396304, session='2019-09-28T16_09_39_0'): OK
2019-09-28 16:09:41,705 - tdm - DEBUG - FrontendConnectionHandler(id=139983357396304, session='2019-09-28T16_09_39_0').on_event(Event(SYSTEM_UTTERANCE_TO_SPEAK, ['', 'Do you want to make a call or know number?'], sender=None, reason=None))
2019-09-28 16:09:41,705 - tdm - DEBUG - FrontendConnectionHandler(id=139983357396304, session='2019-09-28T16_09_39_0'): writing {"content": ["", "Do you want to make a call or know number?"], "_sender": null, "_reason": null, "event_type": "SYSTEM_UTTERANCE_TO_SPEAK"}
2019-09-28 16:09:41,705 - tdm - DEBUG - FrontendConnectionHandler(id=139983357396304, session='2019-09-28T16_09_39_0'): OK
2019-09-28 16:09:41,706 - tdm - DEBUG - FrontendConnectionHandler(id=139983357396304, session='2019-09-28T16_09_39_0').on_event(Event(MESSAGE_TO_GUI, [Popup(?, elements=[<tdm.nlg.tdm_gui_protocol.Element instance at 0x7f506844bbd8>])], sender=None, reason=None))
2019-09-28 16:09:41,706 - tdm - DEBUG - FrontendConnectionHandler(id=139983357396304, session='2019-09-28T16_09_39_0'): writing {"content": [{"Popup": {"elements": [{"Element": {"name": "move", "title": "", "items": [{"Item": {"attributes": null, "selected": false, "predicted": false, "value": "request(make_call)", "title": "Make a call"}}, {"Item": {"attributes": null, "selected": false, "predicted": false, "value": "ask(?X.contact_lookup(X))", "title": "Number?"}}], "format": "", "voice_browsed": false, "value": "", "template": "menu", "type": "list"}}], "title": "?"}}], "_sender": null, "_reason": null, "event_type": "MESSAGE_TO_GUI"}
2019-09-28 16:09:41,706 - tdm - DEBUG - FrontendConnectionHandler(id=139983357396304, session='2019-09-28T16_09_39_0'): OK
2019-09-28 16:09:41,706 - tdm - DEBUG - FrontendConnectionHandler(id=139983357396304, session='2019-09-28T16_09_39_0').on_event(Event(GUI.POPUP, {'options': [{'value': 'request(make_call)', 'title': 'Make a call'}, {'value': 'ask(?X.contact_lookup(X))', 'title': 'Number?'}], 'title': '?'}, sender=None, reason=None))
2019-09-28 16:09:41,707 - tdm - DEBUG - FrontendConnectionHandler(id=139983357396304, session='2019-09-28T16_09_39_0'): writing {"content": {"options": [{"value": "request(make_call)", "title": "Make a call"}, {"value": "ask(?X.contact_lookup(X))", "title": "Number?"}], "title": "?"}, "_sender": null, "_reason": null, "event_type": "GUI.POPUP"}
2019-09-28 16:09:41,707 - tdm - DEBUG - FrontendConnectionHandler(id=139983357396304, session='2019-09-28T16_09_39_0'): OK
2019-09-28 16:09:44,282 - tdm - DEBUG - FrontendConnectionHandler(id=139983357396304, session='2019-09-28T16_09_39_0').on_message({"content": [{"score": 1.0, "utterance": "know number"}], "_sender": "TextInputComponent", "_reason": null, "event_type": "RECOGNITION"})
2019-09-28 16:09:44,284 - tdm - DEBUG - DeviceHandler.recognize(know number, eng)
2019-09-28 16:09:44,319 - tdm - DEBUG - FrontendConnectionHandler(id=139983357396304, session='2019-09-28T16_09_39_0').on_event(Event(FACTS, [], sender=DmeModule, reason=None))
2019-09-28 16:09:44,319 - tdm - DEBUG - FrontendConnectionHandler(id=139983357396304, session='2019-09-28T16_09_39_0'): writing {"content": [], "_sender": "DmeModule", "_reason": null, "event_type": "FACTS"}
2019-09-28 16:09:44,319 - tdm - DEBUG - FrontendConnectionHandler(id=139983357396304, session='2019-09-28T16_09_39_0'): OK
2019-09-28 16:09:44,319 - tdm - DEBUG - FrontendConnectionHandler(id=139983357396304, session='2019-09-28T16_09_39_0').on_event(Event(FACTS, [], sender=DmeModule, reason=None))
2019-09-28 16:09:44,319 - tdm - DEBUG - FrontendConnectionHandler(id=139983357396304, session='2019-09-28T16_09_39_0'): writing {"content": [], "_sender": "DmeModule", "_reason": null, "event_type": "FACTS"}
2019-09-28 16:09:44,319 - tdm - DEBUG - FrontendConnectionHandler(id=139983357396304, session='2019-09-28T16_09_39_0'): OK
2019-09-28 16:09:44,319 - tdm - DEBUG - FrontendConnectionHandler(id=139983357396304, session='2019-09-28T16_09_39_0').on_event(Event(END_SYSTEM_TURN, {'passivity_duration': 5.0, 'system_has_asked_question': True}, sender=DmeModule, reason=None))
2019-09-28 16:09:44,319 - tdm - DEBUG - FrontendConnectionHandler(id=139983357396304, session='2019-09-28T16_09_39_0'): writing {"content": {"passivity_duration": 5.0, "system_has_asked_question": true}, "_sender": "DmeModule", "_reason": null, "event_type": "END_SYSTEM_TURN"}
2019-09-28 16:09:44,320 - tdm - DEBUG - FrontendConnectionHandler(id=139983357396304, session='2019-09-28T16_09_39_0'): OK
2019-09-28 16:09:44,320 - tdm - DEBUG - FrontendConnectionHandler(id=139983357396304, session='2019-09-28T16_09_39_0').on_event(Event(EXPECTED_PASSIVITY_DURATION, 5.0, sender=DmeModule, reason=None))
2019-09-28 16:09:44,320 - tdm - DEBUG - FrontendConnectionHandler(id=139983357396304, session='2019-09-28T16_09_39_0'): writing {"content": 5.0, "_sender": "DmeModule", "_reason": null, "event_type": "EXPECTED_PASSIVITY_DURATION"}
2019-09-28 16:09:44,320 - tdm - DEBUG - FrontendConnectionHandler(id=139983357396304, session='2019-09-28T16_09_39_0'): OK
2019-09-28 16:09:44,320 - tdm - DEBUG - FrontendConnectionHandler(id=139983357396304, session='2019-09-28T16_09_39_0').on_event(Event(SYSTEM_UTTERANCE_TO_SPEAK, ['I heard you say know number.', 'I don't understand.', 'What would you like to do?'], sender=None, reason=None))
2019-09-28 16:09:44,321 - tdm - DEBUG - FrontendConnectionHandler(id=139983357396304, session='2019-09-28T16_09_39_0'): writing {"content": ["I heard you say know number.", "I don't understand.", "What would you like to do?"], "_sender": null, "_reason": null, "event_type": "SYSTEM_UTTERANCE_TO_SPEAK"}
2019-09-28 16:09:44,321 - tdm - DEBUG - FrontendConnectionHandler(id=139983357396304, session='2019-09-28T16_09_39_0'): OK
2019-09-28 16:09:44,321 - tdm - DEBUG - FrontendConnectionHandler(id=139983357396304, session='2019-09-28T16_09_39_0').on_event(Event(MESSAGE_TO_GUI, [ClosePopup()], sender=None, reason=None))
2019-09-28 16:09:44,321 - tdm - DEBUG - FrontendConnectionHandler(id=139983357396304, session='2019-09-28T16_09_39_0'): writing {"content": [{"ClosePopup": {}}], "_sender": null, "_reason": null, "event_type": "MESSAGE_TO_GUI"}
2019-09-28 16:09:44,321 - tdm - DEBUG - FrontendConnectionHandler(id=139983357396304, session='2019-09-28T16_09_39_0'): OK
2019-09-28 16:09:49,348 - tdm - DEBUG - FrontendConnectionHandler(id=139983357396304, session='2019-09-28T16_09_39_0').on_message({"content": null, "_sender": "Frontend", "_reason": null, "event_type": "PASSIVITY"})
2019-09-28 16:09:49,376 - tdm - DEBUG - FrontendConnectionHandler(id=139983357396304, session='2019-09-28T16_09_39_0').on_event(Event(FACTS, [], sender=DmeModule, reason=None))
2019-09-28 16:09:49,377 - tdm - DEBUG - FrontendConnectionHandler(id=139983357396304, session='2019-09-28T16_09_39_0'): writing {"content": [], "_sender": "DmeModule", "_reason": null, "event_type": "FACTS"}
2019-09-28 16:09:49,377 - tdm - DEBUG - FrontendConnectionHandler(id=139983357396304, session='2019-09-28T16_09_39_0'): OK
2019-09-28 16:09:49,377 - tdm - DEBUG - FrontendConnectionHandler(id=139983357396304, session='2019-09-28T16_09_39_0').on_event(Event(FACTS, [], sender=DmeModule, reason=None))
2019-09-28 16:09:49,377 - tdm - DEBUG - FrontendConnectionHandler(id=139983357396304, session='2019-09-28T16_09_39_0'): writing {"content": [], "_sender": "DmeModule", "_reason": null, "event_type": "FACTS"}
2019-09-28 16:09:49,377 - tdm - DEBUG - FrontendConnectionHandler(id=139983357396304, session='2019-09-28T16_09_39_0'): OK
2019-09-28 16:09:49,377 - tdm - DEBUG - FrontendConnectionHandler(id=139983357396304, session='2019-09-28T16_09_39_0').on_event(Event(END_SYSTEM_TURN, {'passivity_duration': None, 'system_has_asked_question': True}, sender=DmeModule, reason=None))
2019-09-28 16:09:49,377 - tdm - DEBUG - FrontendConnectionHandler(id=139983357396304, session='2019-09-28T16_09_39_0'): writing {"content": {"passivity_duration": null, "system_has_asked_question": true}, "_sender": "DmeModule", "_reason": null, "event_type": "END_SYSTEM_TURN"}
2019-09-28 16:09:49,377 - tdm - DEBUG - FrontendConnectionHandler(id=139983357396304, session='2019-09-28T16_09_39_0'): OK
2019-09-28 16:09:49,378 - tdm - DEBUG - FrontendConnectionHandler(id=139983357396304, session='2019-09-28T16_09_39_0').on_event(Event(SYSTEM_UTTERANCE_TO_SPEAK, ['So,', 'What would you like to do?'], sender=None, reason=None))
2019-09-28 16:09:49,378 - tdm - DEBUG - FrontendConnectionHandler(id=139983357396304, session='2019-09-28T16_09_39_0'): writing {"content": ["So,", "What would you like to do?"], "_sender": null, "_reason": null, "event_type": "SYSTEM_UTTERANCE_TO_SPEAK"}
2019-09-28 16:09:49,378 - tdm - DEBUG - FrontendConnectionHandler(id=139983357396304, session='2019-09-28T16_09_39_0'): OK
2019-09-28 16:09:49,379 - tdm - DEBUG - FrontendConnectionHandler(id=139983357396304, session='2019-09-28T16_09_39_0').on_event(Event(MESSAGE_TO_GUI, [], sender=None, reason=None))
2019-09-28 16:09:49,379 - tdm - DEBUG - FrontendConnectionHandler(id=139983357396304, session='2019-09-28T16_09_39_0'): writing {"content": [], "_sender": null, "_reason": null, "event_type": "MESSAGE_TO_GUI"}
2019-09-28 16:09:49,379 - tdm - DEBUG - FrontendConnectionHandler(id=139983357396304, session='2019-09-28T16_09_39_0'): OK
2019-09-28 16:10:07,794 - tdm - DEBUG - FrontendConnectionHandler(id=139983357396304, session='2019-09-28T16_09_39_0').on_close()
2019-09-28 16:10:07,795 - tdm - DEBUG - SessionManager.stop('2019-09-28T16_09_39_0')
2019-09-28 16:10:07,797 - tdm - DEBUG - TdmApplication.stop(): Stopping HTTP server
2019-09-28 16:10:07,797 - tdm - DEBUG - TdmApplication.stop(): Stopping IO-loop
2019-09-28 16:10:07,797 - tdm - DEBUG - TdmApplication.stop(): Stopping sessions []
